1
828
4915
7224
1928
1
3053
1
1
3183
1
6920
1
77
51
1
28
53
1
988
10
5722
1
2451
1
1
2380
111
24
3637
591
409
92
1
79
19
6948
3
2051
1
1661
190
21
1
780
2289
153
1
8
95
401
4350
6656
1
236
2595
2978
799
5
2929
1
1407
3205
2701
45
930
2059
1011
1
2117
5896
7888
8687
3697
1
2267
1909
2396
1
5478
1800
48
32
155
456
1
1
3505
642
1245
327
1897
1
532
416
1
1995
3678
1660
1
96
34
1
1
1
3
487
1
41
1
381
1
17
1
25
1279
3351
188
1
1
1
934
731
509
2119
1
1577
7957
2869
6656
2475
1
628
1
1
1651
4931
3472
1
1
869
1201
1
1
100
1
1
4299
7947
49
447
67
4597
57
1
2113
2284
1
1
1
34
39
2968
1
581
568
3857
16
1648
2725
3532
1
1099
1
2913
1312
3480
1
1
1
613
1
1
1
1917
107
5067
1
1
1
142
51
9
2585
3778
1
1
867
3773
378
1
175
1
43
1
69
3283
886
1
1137
471
5307
1
2770
2262
3945
1418
1
1
4644
119
1
85
3327
1
181
919
778
966
1
1
1460
31
57
59
1
64
3175
23
721
1
1
1414
1
8345
2321
210
40
4533
2144
1
8087
1324
4566
2140
1
346
4945
1
1509
2128
5
7027
3253
37
1
4804
25
2496
1
2285
6876
1
1
297
1202
1
1
1001
2518
1
1
75
1
401
1068
2473
2727
6455
1
1
1
1295
1
4176
187
7078
3175
1835
199
123
47
1
97
5
563
1
1
324
4608
5519
724
261
3700
5330
593
16
1
57
3457
2491
280
3287
3109
8731
2683
6534
1618
1
1
1
2218
1660
1479
2209
2
1949
1
520
987
1
1261
4925
1
4999
1823
95
4376
47
283
1
1
75
112
4625
1
2291
1
1
81
3411
1
1
3136
1
1
1497
2168
2204
787
1
1
4689
7863
1
2132
2438
700
841
1
381
54
4742
1
9341
5912
1
34
1
535
4579
1
1
7442
1
2506
7050
1
1
1
1315
1556
1
1
3057
1
65
4269
1
1
3019
1
2258
806
682
88
1
4513
3697
1
4947
37
1
1720
19
1
3505
1849
1
1
37
1
1
1
145
1289
440
792
1
4705
1
25
143
3075
1
1
3540
8140
7237
71
8
4102
133
4771
1
638
2039
1596
57
4256
8947
6019
88
1
2204
1
349
83
4076
1
1
1304
1
2533
1
19
236
9
4422
7175
1
13
5675
858
808
1
1373
59
529
417
540
1
167
4222
1601
1
1
175
1
663
381
3091
1472
1
453
5103
1
1914
3314
1384
2091
5066
3615
3268
82
1236
1
3577
119
1
1001
7
1294
38
417
1
2289
1
1104
1
23
9
318
1
6845
1
450
1
1
19
1
4139
1568
1
545
1788
621
1
41
1125
1743
1
41
977
41
1
1222
1
1
1
793
2765
10
88
25
67
858
331
3899
1739
1756
148
8
6743
1079
2156
1
1585
221
1
473
1
1
3127
1033
277
1
101
1289
851
41
3499
1500
1
8811
1
867
113
1
1
2225
1591
1075
1
1
1
3381
6735
3
3380
1511
831
1
388
1
4061
547
1
1
1
29
1
1
1862
289
1
4701
4729
3228
606
7
1
62
38
1354
2244
1
3191
1
1
29
1
1
1
1
1
1
1240
6220
1
1
2333
1940
4813
1
17
4596
6406
1
1
465
2751
5044
5572
748
2747
961
24
1
1389
1
497
39
5
5
8393
1994
537
4304
49
1
1
255
2660
6457
6931
2215
55
6
1
67
6657
633
4803
1317
589
2758
1
1
2314
1
2269
1249
21
1274
1351
1332
1
1
9
1402
771
1081
3683
538
4494
121
1710
1
236
1
3047
7457
1575
1
33
1115
46
9
1
287
1
906
31
30
1
5519
804
22
1
1
1109
1
1
1
149
9
1401
7682
769
1
9
1
1042
4526
1
4189
1
595
423
1
1395
397
330
700
159
797
1752
2020
4040
1
962
1286
1
446
1
1
5279
209
1
1
3199
4757
1
631
755
1
5263
4334
1886
207
1
123
1910
685
4270
241
2052
3692
1
542
756
3553
1
128
7531
61
1
3002
658
10
2874
709
1
368
4151
233
5873
1
274
1
1
1
1
2191
1
2536
1
1078
390
171
4304
57
59
1
3
289
1531
1
1053
1
2366
1
10
1
1
1
1
2901
2849
1513
75
1
3579
6624
1
2169
1
9257
1
67
424
6383
6076
8743
8278
2973
2000
1
3598
9399
1
6433
1121
1
224
865
4021
1224
2612
1069
1068
32
1
5851
3251
1651
1937
1
3518
4301
1
5681
1
860
5217
2077
1
1
252
1206
5058
229
820
4700
922
579
4899
1
1344
2373
7006
2755
1
1
1
3966
1845
2097
1
2244
1
1
1210
15
1421
749
1438
92
964
3226
1651
1
13
864
1
1
3
1
1
2437
627
70
1
1
2743
1485
309
1
1426
549
1
5
22
496
1
1
8250
1
1
4225
4866
1
1
1077
1
5158
8
5964
70
1
9
1055
1
1
1
1
121
869
1
23
7305
19
498
932
142
1289
3061
3628
29
802
125
1
1
4325
33
1630
1195
3465
7856
1
1
415
94
5305
65
1
564
5771
374
1
1
4545
1149
214
1
7792
1561
53
2
60
1
17
1581
65
1646
1
19
33
1219
115
1769
97
38
4427
1
7117
559
1
94
93
3
5
6226
511
1
1065
1
5275
1
2427
5971
5509
4428
177
1
1
57
494
285
1
1454
33
3970
4535
1
335
1
630
30
4625
491
2743
1
1506
1383
2633
4431
53
4726
8406
2122
4883
77
5536
1768
121
19
7108
1
4633
406
3212
742
2194
6804
1
831
6587
469
221
1
1
7453
6376
1
1
1101
279
1
1
3803
1188
4111
33
92
1
1
1
2249
177
1
779
1
587
1
177
34
175
1093
1
25
1
676
1
6729
2026
261
7615
142
1010
81
698
146
693
1
1
4171
873
1
1
1
1859
3616
1700
1
240
1
46
1361
2563
15
1003
196
2
1
4356
161
61
131
1
256
113
1667
768
4285
2097
3727
137
1
142
2179
78
464
384
1
2959
1
1
13
1
1
241
25
4486
19
1
866
1
589
1
2625
603
17
1
28
1027
1318
1
2291
356
335
34
2014
2889
1
957
641
19
1
1
743
1273
517
1
781
6927
1
3413
1
6033
67
305
3499
1
1821
1
149
4025
4157
1
10
1
3014
1
2943
1
2842
665
3210
1
2277
2350
57
183
1
4300
109
13
3817
4150
1
1
1
1
1
3351
1
9346
1
1
540
1
1
9459
1
1
6916
607
2101
1
78
14
960
1
1
1627
34
853
1
3295
2268
1
489
1
1
5155
1
876
784
173
436
1
1
2898
582
90
1
486
1297
1
88
5318
1
428
1
1
17
2300
4375
67
153
29
9476
89
1
56
679
1019
583
1
4105
95
55
6537
6066
23
1
1343
2126
1913
1
752
1
1733
1
1
1
1
1558
876
1
4403
2618
5003
1
1
1061
1033
10
1
1107
1
2659
101
1
1
3800
4983
1
1
2224
41
1242
6643
4025
41
55
1
73
1
37
27
1
1
4415
175
1
1
730
79
1
80
1
7
1
4561
1
1
5909
1
7
1
1
3793
3327
926
1
1
186
1
7280
1
1921
4671
1
1
2319
1
1
1809
3727
3714
115
1
1297
934
632
484
30
3561
4747
1
1
1
5926
6281
1
7251
576
1
2010
267
883
621
162
31
1
1919
6251
1196
4767
1
5250
736
2475
33
89
489
1
10
946
4312
1
1643
2004
4568
1
732
1
1
4283
29
3146
1
6604
1516
1
1588
1
1
1
170
1063
5
17
1734
4225
301
7244
10
4607
1925
2593
274
584
1
51
5266
9
5313
1017
473
346
8721
41
6261
1
319
1
1
1
1059
1
1
41
1
1
6685
93
1
7
1055
1583
1
59
445
1
1
81
5359
678
1
10
1
1
367
1
1
7
3747
802
1
1
2004
16
1371
1
1
1637
4070
1082
1
3303
1
3447
89
3793
1
1
1
1
578
1
256
1
365
133
1
4276
1
101
3375
1
41
1217
7
1
1400
282
1
3041
85
1
1
4238
1
979
332
1
5762
1
2945
85
1326
59
1
1288
2544
101
1471
286
1
1
2433
86
1
2617
1
1
1
41
1
276
1345
1
589
3889
305
263
1043
28
1
1
1369
4237
27
2
806
1
1
3312
441
277
1
1
97
2323
1
57
1
7889
1
1657
3103
1
1
725
1
325
88
1591
477
7
1
3135
3550
1
1
1
143
1
1
3762
1580
1
1
17
1735
1
5469
63
1105
6697
863
1
3841
1427
1849
361
1
20
6501
3201
3739
1
1
41
17
6569
1634
1341
1369
500
906
1980
540
1
1
2131
6562
7073
61
201
695
1240
1
9
8737
3333
486
644
5945
1081
3817
330
158
236
7091
2159
5405
2395
624
2164
1
2
1546
1
4038
1155
3
62
4921
32
19
6643
382
301
4297
1
1
559
1
1135
1
1957
16
1
1197
2951
1145
19
204
253
1627
1
1077
1
1
658
613
6790
1
1
7607
1
1603
60
336
1
3085
949
998
2
1021
1000
681
4103
1497
1
1
243
3810
821
1
1
1
1
4773
32
2
1
3183
416
6372
1
47
1
1
1
340
759
1
1
5151
455
1
1185
476
1
228
1
1
4110
1
25
1134
1
28
3016
81
19
1
3265
1558
1
1561
6599
1
2207
37
1
1
1
7138
1
1
1
435
1452
1467
267
1
1161
1045
95
149
100
3299
5721
251
5330
13
1
6620
1397
2722
1
1401
598
1
81
1
1331
1515
1311
4744
779
750
1
1
1
964
1
3257
5629
1
2289
1
1
1
5332
341
4051
1
47
1
3159
2678
1
2839
3681
1
265
510
1
1
5844
1
1
1
6488
37
510
1
1
1
1
1865
478
43
4404
1
263
6176
1
1
389
3985
1
6152
3
1377
4546
2446
19
204
1
1
771
883
1361
489
1253
1
73
873
1
5838
29
1128
4729
1
1
67
58
85
1
1
1
1
1
1937
159
1
53
203
2279
1
1117
41
2565
893
1
94
1
61
3487
330
773
5326
1
225
2163
861
1
782
1
1
1
273
46
5594
1139
1
286
1
1479
15
481
7975
1
4605
1761
2416
215
1
1
473
5734
419
3041
97
1
1
5175
2623
186
1973
137
2175
1
2778
48
1
2107
1
690
1
1
1
7623
1
2521
1
1
867
75
1
509
41
3816
1480
1
1
386
61
1
160
832
3232
283
169
1
1
3953
81
6511
1
1798
23
546
3130
1
278
5745
1
1
1
39
1
1
57
2678
5179
4735
1
1
4223
1
21
369
5259
112
19
1771
782
26
1599
553
1
8
1
1
6734
7106
910
101
4031
1
1
447
1
1
1
1
867
1
903
706
1
177
13
225
4795
1
1249
2
83
986
153
282
3061
1140
1
57
2743
49
2669
1
1
374
6870
1712
1
3037
1
1790
1723
729
4257
1
423
1
1
100
1421
5755
4297
1063
907
20
2405
867
1
2
1038
1
1
2823
94
72
1
1
1782
8
1
1
1
1018
2602
1
1464
569
1
1
2783
897
1
1571
2397
1
2388
4927
1
3844
1049
4073
1735
861
2447
1
886
5176
1
389
5752
625
5769
7926
33
2172
1
61
2888
4894
1
1
5507
3687
1
132
38
1
34
1579
1
1
1
985
3467
65
1182
1
31
1
188
1
13
1
1
1
424
39
1
2120
1287
543
202
3610
24
901
4987
5952
7
58
1
5717
1
2155
1563
1
2683
1
1
1
30
21
21
585
1
2021
371
28
210
1
607
1
1900
34
1
2859
9
1
1
1
1
1079
1
19
685
3197
1
3107
4279
1269
1
1
3075
2401
1
1
7411
34
7031
77
3
1
28
1
1
237
9021
1
1
4510
489
5520
3672
2487
625
1
3099
327
437
2446
5246
5542
1
63
661
37
1506
555
1306
2562
3579
3201
2398
1596
3500
1
17
7653
1
5294
2
31
1
1
2023
1
709
1343
3877
5
1946
1
1
1
4574
973
451
263
1177
1368
836
1
996
8483
8106
1229
1337
113
385
803
1
5662
1
1
3081
1
1
121
1663
723
253
1543
23
47
299
2544
3775
1
3753
4201
43
335
5848
95
41
169
1
2
5326
2
309
37
1795
1042
1
1764
130
1
4897
1
409
4585
1261
1
1
1856
1
5047
113
1
3074
3311
1
1
550
700
1
96
5693
8237
1
1971
1
4611
1713
1095
140
960
3003
1
19
1
986
2848
1
361
4361
1
6693
4498
1
6121
1
5627
501
1
298
607
1
437
895
1
1
57
1
2106
1
2689
1
1
5359
5140
1
2950
7249
237
3
7304
1074
4301
4665
1
706
4849
2315
1
175
3451
6825
522
148
1
25
1
57
1
1549
1342
620
1
273
1
3549
5845
48
691
282
2289
1
211
1
3430
1
1
1
2103
1
792
889
96
1
967
1157
1769
8559
3967
320
3483
44
1435
2591
5047
1115
1
1
7153
788
3993
1
141
2379
776
4068
1377
1070
11
5289
133
1
1
1
7648
3134
123
1550
1
3177
696
1
146
3965
2088
1
7662
112
1575
2833
1
141
112
1
1
6
38
1
6958
6367
3372
5739
271
5041
6533
4350
1
2346
661
584
6426
121
3186
322
1
1210
441
1
643
1
1
37
1
1
1
1259
1
1
7139
33
248
1
1
5543
77
401
1477
1
1
241
1
1
2071
65
53
410
2611
3897
1
148
1051
322
6221
1
1
485
5010
584
6854
1102
601
43
1
1
2537
3381
4743
649
1
3721
625
1
17
4579
27
1
6809
5173
2172
546
46
283
2817
6491
1
1
4964
1526
1
2817
1
1402
41
3513
2828
1420
6041
11
133
1
1
2926
81
1
1
1
1
1
1310
4006
1
1060
33
1
1
7
1
1
1
1
1
1
124
2334
4459
4376
70
1
1951
2226
1
87
1
3246
604
1
1
1
60
1
164
1
2294
4102
3115
7886
6898
21
2793
2550
1
1
4417
1657
1
141
4494
38
2689
4813
13
1
1
126
2294
6009
1
5206
6147
6333
1375
232
2051
2770
81
3101
61
3541
161
83
551
15
2003
1
1
1
1
1
3925
8
671
67
1
6719
1
157
1420
1
1554
995
5195
105
1
932
1089
1
1053
4723
1
1
1
5521
1115
10
34
7920
1
1
3052
1
1
1
6951
950
7846
1347
1
1
1949
663
21
1
391
495
2683
67
1872
1
1
6148
61
771
2319
3386
184
1563
1455
5036
1
8
41
4609
997
97
41
3644
3041
2978
1
905
177
1
1
1015
2281
1
18
1
487
616
5266
1021
3023
19
1
1791
2288
1809
1
1
2933
148
553
1
59
2993
1
1
1
233
1
3641
2274
1
6256
1
1857
1
2243
456
1
4437
4108
4899
1
1
8217
2105
221
1
1423
1
1981
1
396
207
3281
1
1
1
236
2335
2111
2690
2355
5000
806
1
1435
1814
1
1239
199
5504
1373
1191
196
33
1
518
2596
3213
5528
2021
1
1
386
4477
1106
1
26
490
1
1
135
171
215
2562
5
130
1197
3541
59
719
15
101
215
681
6467
2127
1971
4333
8505
1
16
4951
331
17
1
142
1
1
1
1
737
205
4811
6289
119
3905
941
61
1
1370
1475
2787
14
496
2274
81
1
513
1
881
1015
3435
1
1
3
1
2692
1
365
1
909
1
3
1
1357
1566
6301
63
4783
449
1
117
4270
5491
387
1
4858
1
3198
1
1
1
7841
1
1
1
1
19
1815
4386
15
81
1
1
1
49
540
55
1
682
33
1520
33
7401
3577
1158
323
9051
83
3
33
30
89
1
1
2983
1
1
1
1
32
155
1
3580
1675
7394
2782
2703
1
2094
1
1899
1
7811
15
5655
1053
631
1
1579
1
3319
223
1
538
4753
2217
113
680
449
3021
3251
153
155
4976
599
731
1
78
7825
1
41
202
1
1
1053
534
83
1
1
2585
3179
1
6305
2291
213
1
3891
280
5131
1
1
1
1
1734
29
4693
262
1
1
10
39
2863
2321
960
1
415
351
1
269
5157
141
1
1
13
99
3949
1
1
406
5741
1
1
1
1
3017
1759
1
547
22
1700
1
6457
180
2976
1
91
425
1
697
1369
157
2509
2649
193
1
461
4719
531
1
209
3177
1
6229
1
2116
1
1
1
3535
2493
1
75
2432
7779
1
2809
4370
1
101
438
2499
606
1
857
1439
4259
3
37
25
1
1
2217
1
1
8303
2792
4859
369
1
73
1
622
1061
667
5441
881
1
1
3696
5107
47
583
3041
1
1616
8
5703
2313
1
1391
1
371
1
599
1
1
2427
1490
9
37
632
1
2460
1
145
4322
2235
1201
1
2116
408
73
407
1
925
1
1
1
1
2819
453
1
295
306
161
1
1070
1
3116
34
19
23
13
193
589
5319
41
3208
8821
891
189
1
376
1
1
795
1
1
1
1076
3280
1
3783
1
3376
1
117
1710
5545
1
1
2969
1969
370
1
1557
2486
1996
2329
1811
8729
71
1
4184
1085
1
2597
1
7345
459
1
1582
3311
365
325
1
1
8112
307
2987
63
1
1
751
114
1
1977
1
3915
1
2549
1
1
7191
5645
437
1758
111
1
1
1
953
1
1
306
27
3553
1
133
236
711
6883
5028
1
1
67
432
1
1
1
5635
317
2047
1
2550
1
1
1
677
1
1
1
1
285
1
2557
2827
841
1320
694
5693
216
232
1
1
5993
67
1085
2690
8747
4917
820
5637
3745
5081
1
1402
3611
4703
285
47
36
291
5476
3136
3507
3443
838
454
1
1
1
3607
4184
1
75
4699
61
1
1
62
1
1
3626
277
559
1
1
6896
2040
1
1
2527
1
1
1
4003
5441
5200
1
1
1
1
2349
1
3252
2330
419
348
5392
640
851
4429
3338
1847
351
607
61
245
5210
2515
133
2945
2771
3116
512
28
9601
729
4449
1
1
1
59
31
1
7248
4717
4467
5873
1
8271
3919
76
2515
95
1
1
291
3553
3922
1
1
2488
81
1039
49
15
1
49
1
3230
3343
1
2070
1
5514
1
4723
5320
4301
1
1
48
528
1584
1
1
377
75
4880
1
799
1
1
1334
3378
1
781
7679
813
1
96
2278
1
433
2321
1
117
71
63
1
5042
2880
408
1882
1
1
2110
1
295
9
1
3821
1
1078
5251
3307
270
1
6146
1
1
1
4054
981
265
613
1833
7023
53
6283
843
3864
345
657
1
471
1836
1
481
1196
969
4536
25
37
37
163
1576
1
37
1
3502
456
1832
679
1
1
1201
1
67
4976
3802
1407
2862
6706
10
721
1
593
153
1159
1
562
1601
691
1555
142
1
1
1
6617
1066
1
3257
309
1528
737
1
1
2743
6568
1036
1
41
1
611
67
9
1079
100
99
1
1
356
1419
4262
1
1560
2829
2626
1541
1
99
1
1
1
3354
95
5355
1
1148
1
5762
1869
1
1
259
7673
183
2309
1
1
1
382
2019
517
385
2633
1
1955
734
1
39
1
7348
1
1747
3
1
498
1027
1
4791
1828
1
5001
1
1
1
5066
8
3154
5
1
1
34
1
1
2407
34
1069
39
1
2969
1
1
1
3415
7747
1
2661
5
4651
2943
285
1
41
1297
75
1
1
1
6755
1
5641
1
2693
4131
34
4018
1
1051
4081
1
1937
1
1
1
1
756
6858
3499
1
1967
4213
2658
1
2046
2983
1
3458
464
7793
1
1573
1
57
1
5848
1642
1
631
149
1
271
1900
1
1159
59
1659
7418
41
5003
2538
1
210
77
1
1
1
1710
100
1
749
1745
1
117
1
1
1
1
535
41
1
511
714
88
1
33
1
1
1
7301
1
1
2547
1
4593
1
65
1
1651
2866
2695
1
337
542
1
5494
204
1
592
1430
15
489
241
4025
1551
3477
1
259
7465
2302
222
306
6319
5718
1
89
1
127
1143
300
91
1
1
1
265
1138
4969
4314
365
32
67
2522
1
1261
1
1
514
117
1345
5165
1669
2667
57
1
1
101
1204
58
3248
1743
315
3010
31
7145
2380
400
789
844
386
2077
9480
251
1
67
2596
3
1
785
1
3517
283
7052
4481
1
2015
89
3295
1149
4433
160
1
1353
486
901
10
1
123
787
483
75
1404
1
540
2972
2543
1
1
2945
1117
2751
1
7275
1
7891
537
1
1
59
3857
1
8
61
1212
1
4
931
2020
2059
3219
1
1458
1
37
3248
1377
5845
6826
144
1
1
3305
2030
6084
1
11
3699
3277
1
109
189
1
2689
1171
797
1021
3
1
61
1
2074
51
3357
4303
1
525
81
1
1256
1
165
89
2454
387
3179
26
1
1
2561
4922
1561
1
98
2055
9019
892
3955
7628
2805
33
223
1
296
553
1
6249
2981
1
470
5635
887
1
214
1
2356
2290
117
79
2599
1
1
1
290
1223
11
1712
1
1
1
1113
41
2841
3687
1
1
5297
46
376
1
2926
7053
2901
197
1
224
2053
1812
1630
73
8399
2272
4421
1795
1
4027
8445
1
2579
5974
1894
1
1455
1
2945
1265
3978
2242
685
1254
6629
3088
4152
1
81
2492
2916
4102
321
2441
427
2873
4473
6088
1
1
1
2650
845
4921
1314
1
1339
52
1
8
8688
725
1
657
2174
6965
2256
214
1
81
1
4986
1
1
16
1
5
2925
1
1000
6365
3421
2515
1
1205
3544
4711
79
1
373
1778
2199
1
4302
1
1
4774
97
2796
2255
1
3293
11
1
1
2167
19
4321
4898
747
1051
1
1926
47
5873
1
3947
1990
715
77
323
291
1
1
1882
16
1
79
3401
3
1
289
1
8
11
19
4951
5
1559
7026
1
5113
3215
348
1042
1
3184
2325
1
15
1
199
3889
4775
1
1
1060
1
247
8118
339
1356
3331
1103
33
2434
3088
15
1003
1
1
1
2222
1849
1373
1282
29
7778
95
5780
1
1
1441
8
4664
743
1
7133
1821
2551
2719
3419
1
1613
3281
95
113
884
2586
4513
146
1
493
13
1670
183
2601
46
110
643
34
1
1
2346
455
2905
59
1
751
1
145
17
1
1
987
82
1
1
1
2937
7
863
3735
1811
1
2144
1
3523
1
143
1
3219
1
3186
5391
4754
2873
223
89
3896
5
5506
1
1309
8
16
4557
5548
1313
1
111
4143
1
525
1830
1
593
2231
9
940
1677
5332
237
876
1
81
1
1
1
89
1
1
502
1
375
1
1
1
3555
5189
8521
275
15
1
441
2866
233
1
11
28
3809
2986
4332
1
1
1058
351
409
1
3357
397
2647
1079
9
2167
1
1143
820
4269
1
695
3
1
1168
6169
5
10
3581
1
1645
1813
1
1822
1
43
1597
231
1
475
61
1
1
1
5604
1
1
5
9
1
1676
5987
19
6453
1232
907
28
1
654
1
4874
3998
681
316
13
3469
428
2114
4269
1453
1
1189
1
8387
1
831
5451
1
1
2671
1
3789
533
15
843
59
1267
4
13
23
2
1
10
409
3060
1438
1
4856
133
559
1453
1191
15
5988
96
3369
41
9437
499
1
2888
1
19
5048
1
566
3142
1
1
67
1
519
293
1
92
190
1954
1
1
6694
3381
948
1
1
2296
3781
5497
1
802
6078
659
17
1941
1155
1
3591
563
1533
1
8
1
25
1
1
373
38
563
877
6214
933
2221
1
19
1
1487
1
1
2075
4960
1
1369
1
3695
3908
15
7
1
183
1535
2845
1
1
696
123
1
1
1
10
478
1
1
1
1
1697
1
4977
3703
511
1
7767
1
1
41
7398
1
1
2329
1637
2537
2931
1
881
2941
67
1401
67
1
8
1516
1
1
16
1
41
4596
3
1
61
1399
183
1
2083
1
3400
1457
3543
8
3051
476
1
17
2596
1
1
7639
1
53
1721
3
1
1
32
81
16
1
8
365
1
1
4476
3055
2049
259
1
2235
15
5803
2563
469
1
6316
1
2141
1
1636
1491
1
1
1622
8539
1060
42
2542
424
6379
81
2817
1
1901
4927
2891
5937
1911
5209
1697
38
94
4296
5636
318
665
91
783
2868
1
55
344
1803
446
1
659
1
4814
849
3631
1
2083
4958
5010
1
19
1
649
6921
16
1
3064
1
221
1
555
1
1015
4665
100
3330
4706
2821
1371
104
4310
1
28
1427
988
2305
1
8
34
1
1046
7
5893
1
1
1275
3019
917
1
962
744
1
85
296
1
154
837
1128
1
1
1509
1
5177
2513
1745
1
3279
1779
1
1
23
1681
8
644
1937
67
896
2353
1
1
257
1
3742
1
3221
343
242
673
428
737
17
1
1
15
6
8
5432
2643
1
826
1
2675
19
1
812
437
146
1
128
1
1
19
837
41
1041
197
1775
501
5127
1
1
353
1
759
1549
1724
3321
3001
1
1
1
3873
16
1
1
1160
1583
1
1
3075
3328
1
461
1
1
1
372
1
1
1
1
1
507
1
1869
1
2840
1
2809
2163
413
1087
1
5173
31
3013
131
2559
1
562
953
1494
1471
986
337
720
4681
1613
385
1
33
6555
17
1
197
523
1
246
8724
2081
5199
4315
115
1
5628
1
166
10
5647
1
1
1
1
8173
1958
283
4201
2692
177
45
742
1
1
22
16
2195
1219
37
703
3149
723
3932
2087
3843
4386
1171
1728
1
759
1
1
1
190
28
1255
1837
1
1741
1953
1
1
1
170
19
3
4875
1
2573
15
834
3070
382
5105
1
221
4483
1605
1
1
1
1
2334
37
59
1
6125
7227
1
2819
1
4052
10
331
1
1
746
2466
65
1
520
509
523
1
3209
1
4413
97
8223
4783
1
5928
147
367
545
99
1
199
4520
1
4339
312
17
993
3726
382
1
41
1
1
719
97
5014
1
4351
1
1
73
770
2873
1
1
7519
1
1
41
1
1
4954
1185
1
120
1
1
2135
1
1
151
986
1
74
274
1
2258
815
9173
568
4057
24
1
5037
2574
3101
1
1
1028
3
4081
1
619
1
55
139
1
287
1
3088
5209
3798
7108
983
3250
1
1
2261
7241
58
3277
1905
59
6488
1734
1081
1
4021
2262
29
1
1
11
1224
987
6729
1
1768
1
55
3305
661
67
61
1
823
4247
1391
3876
101
1
63
1
1417
6584
8511
31
32
1
422
1489
1
1
59
1
221
2492
2482
1
11
6991
1
1
81
1
1
2756
3074
1
1
469
649
1
4471
7235
149
1
5276
1
1
1
658
1273
1
3079
4834
1
1
101
93
5081
2923
166
1
175
3419
2371
104
1
1
166
694
1
1
1
2
5926
1
79
31
19
1
2529
5
41
1
8247
4215
43
3372
2
58
1
2708
1
333
102
5206
1
4001
262
4972
4464
1
5773
535
706
4100
1
132
5557
328
3720
2220
4429
2426
113
534
384
1284
53
1
1484
6628
2033
1
3473
85
1105
1
3785
123
1
12
845
1
34
4259
64
1
1
2765
1403
781
1
2558
11
1
2014
1
2890
5729
579
2268
1
7337
59
3445
4295
4801
8680
373
61
854
1792
3002
1
208
1
1
8
1
1
1715
1
1426
1
1
1
395
1
1879
5874
2288
284
353
1
3264
1
1438
2109
4218
3613
3000
1304
2840
419
1763
3983
125
430
1
1
3795
179
1
1692
520
1
1
1495
1645
1
1
67
1544
2278
705
1
43
4397
2751
985
505
1
2282
114
2687
1
4068
1507
2124
1
1
4018
2347
918
621
55
1
1
1
1
223
1
1
1
2755
1359
1
949
46
2165
1
2876
769
1
1
2461
305
409
1533
1
6778
3879
1352
680
1
5788
5458
245
233
1
1
1
2099
1
81
2475
1
3259
67
1
221
1
4406
1
1
556
34
8391
1983
547
3
1
21
1
1381
1
173
3161
3825
7596
143
397
334
8703
1
2738
2928
1
8077
1197
1673
4998
3153
1462
31
24
3721
1
1693
1764
24
17
1
3737
746
5782
7017
1
1183
5325
2523
1
1
3356
1
1133
5128
1403
937
28
1
997
2067
1591
3409
4193
5680
5
5905
1
121
1
1
2521
1
1
41
7900
1
223
6613
1
1
1
1216
144
1729
1
1
7313
4728
1
6999
1
1
1
7092
1
2439
1
4539
2464
16
1
1
1
4467
4631
181
1
300
1
25
1
115
2029
1
48
70
3860
1724
993
1
39
660
1
4301
1
1
771
3799
1256
1
305
10
79
1401
93
41
858
1
6379
1
1
81
2621
81
4723
1425
2181
2071
1
1
2985
1
1
583
1
67
1
637
5585
3464
23
3100
510
1
25
721
1
1
1
1
142
1112
617
765
59
791
1
1
1376
1
1
7357
59
744
65
8416
1
3294
1
1321
1
1
122
1
67
1006
207
235
1126
573
1
1
13
1270
1
573
48
1
6341
33
3469
1403
3401
6695
133
1297
537
1
1
155
1
1739
1
7468
1
1
1
581
5
49
1
61
55
1104
979
4333
1535
4263
1
2728
1
523
2751
1
459
6304
1
231
216
1
1
106
8062
1
1555
3395
1
47
945
403
2921
81
3
1415
1
1
2539
2327
1
1
4
1
1
6427
4598
7539
1986
1
105
77
7123
3130
49
866
1425
3050
3274
1
851
1672
263
1
433
1
1454
131
786
9701
1
1
3962
1
2642
2039
1537
6234
4348
1769
3389
301
1361
155
38
1088
1
1
4500
1
5597
1
19
85
2025
4274
3977
1
1
1
2703
3903
269
4436
119
1
2401
1
1
11
1
1
1418
6547
1
1729
1173
452
1
1
133
1256
1
1729
527
1331
1
1
237
1
313
1556
1
1
8239
7283
926
72
1695
1
1281
1
1
1864
2096
1
1
3797
2405
387
1403
4793
1
1
1
2305
1
186
377
1
767
1012
1
1
34
49
1
1
2063
33
2785
1
3451
8775
1
1960
1
1359
570
6229
1135
1
4382
1
1
1
1
2807
1
59
3551
1747
1
468
825
825
180
7264
651
2756
1
6839
523
41
1
190
527
1
1
1
777
121
796
6556
6644
574
142
37
7
805
569
51
1
1912
1
1
5743
64
1
1
123
4715
1715
2861
1
1
1
1
2926
78
780
3
1
1
815
1
1
175
640
3949
604
3767
1817
111
1
1
686
1
1
1049
4621
4858
991
2861
1224
5155
1
1
1519
124
6635
1267
1
7756
3421
6444
1211
148
2705
378
2415
1
1
197
1
5811
605
1
1
1
55
1
440
6377
742
1
4158
1
1
4215
330
234
1
624
10
1
1105
4874
1
1
5898
1
502
1
81
1
1
1
4623
1241
5561
1536
3652
1
4715
17
4641
3198
6428
1328
1
3061
1
183
232
1459
1037
1
65
55
6345
528
1889
1734
4787
1263
1
2571
1
78
2542
2238
1
2245
1
1323
1501
1
47
1
3
368
3727
2376
1
4075
1
1
1
296
561
3232
81
3349
1
1129
1
3781
169
1
1
1
6472
1215
1
973
68
57
453
1129
1
249
1
4171
3015
202
1383
1357
34
927
1
685
117
1337
4561
1
1
1
28
1
1732
1
1
1
103
173
851
39
1
189
1
2
50
16
4120
153
1
1
5277
1
1
214
1811
117
477
569
2465
31
2676
13
47
3057
75
46
122
1
290
2231
205
1
1
5340
967
1572
1
1
1
6520
32
81
976
1726
1
41
1
2557
1
1
752
1
365
1
3400
84
1
7803
495
1
208
1
8135
301
1
1781
1
224
1
1
10
1431
1
1
34
742
2587
1
1
5240
1891
1
9
1
7575
1
1
1
1
1713
264
393
1225
181
2215
1
4102
1
1941
1794
1
400
31
1474
1
1
1
3145
4552
1611
1017
669
34
1072
17
1
1
101
1
471
1859
1
1
3605
96
361
27
2896
3325
189
1
2171
1
214
2289
891
1
7546
37
2025
2
1
733
2723
3074
956
1204
830
5744
1365
1
3556
1
6211
5862
1953
1748
6233
1
3571
1295
5321
829
646
9
1
1
396
1
1
1677
1
112
3533
1
6397
359
779
1190
1512
1
3921
1
1
2863
465
1
6918
1
1
1
2484
594
81
116
595
7694
87
1
3079
1308
48
5053
2053
729
586
4293
375
1002
7726
517
5189
850
17
1
3855
685
5039
1
1
38
3121
45
49
7309
1024
7857
62
6923
1
1174
717
1
1
233
1
1
6220
1
3719
2353
3137
1
7
117
1
558
8208
3175
3753
1
1
2087
2353
1
175
1
3579
1
67
1
723
2918
2405
388
11
1
1833
1111
7399
1033
2337
419
2873
2932
129
5356
1202
17
1
1
3979
1
7901
4882
1
1
1
1
6681
1
22
417
49
263
88
89
805
2560
41
1897
714
1
485
1
1
4250
2683
582
3
5517
2619
1785
183
2147
2312
2877
4951
1
69
1
1
1
1
49
411
999
2053
32
3221
1
1985
1090
1585
39
1
5066
2120
4714
1306
910
2480
1
2731
1
7187
3723
1988
489
1
1873
2901
1449
1
1858
1
11
3
3430
1
95
2100
5727
1169
1
1
30
1
1451
1
1
1
1
1581
41
9
15
1
15
1377
1
1796
1
47
1
95
10
1182
3749
1
1
8038
77
6672
2707
2427
1
1
28
81
5052
1
2482
1
1
778
1
37
3832
7
45
11
7156
1
5941
1832
8240
3151
278
2092
221
1
1959
4638
49
1
2703
1
1
659
1
3362
2467
397
3291
3345
737
11
1
1436
1
5977
1
1
1
2370
1
1
1
1687
1
1048
1
1
2522
1758
1
2323
4827
440
1
1
1
1182
1
5
1
1
112
1
1
2950
2491
76
201
430
457
1
1
1
2236
5053
5138
335
3227
801
1
1208
1
1630
790
1
1
1
1
87
1
1
1
1425
813
25
1
22
376
1
3465
1
6383
1
1221
1708
661
1663
76
1
8084
2751
5821
1
1
1301
8429
623
953
635
3905
1
681
1
474
13
49
1
789
81
1
1
1
2195
1
1876
3297
2633
4031
3053
1281
1
513
1349
983
515
4253
3833
1
1
115
3349
2490
1881
1579
26
262
587
703
4869
1
679
298
7099
1
1
430
1
7395
1
1
1
1
1
1
9
5843
1
474
1
1
2973
1652
736
2834
157
4408
1087
10
1144
162
1
94
1
16
579
1
1187
38
1
2840
169
2139
47
908
25
63
9
1
7780
572
116
24
3478
1
5992
351
451
1
6199
4052
100
1
1
3240
935
1
1
1
2026
1173
1
7877
1
46
1
4810
1
4103
1
2335
3458
5413
6105
1175
212
213
115
1
1
1884
627
7006
19
826
2485
1818
1
203
1
233
1
1
197
1029
555
6605
65
3335
1
661
1
9
678
1095
849
1
2748
23
1833
1163
1212
1
3891
1
1
1564
243
3024
4353
1034
28
1
7828
895
3058
1077
3592
41
3606
2134
4259
175
3073
1
1
4857
771
3
1
1539
1904
1
4621
1021
4592
19
5653
4027
1
1
306
8682
192
1169
1
820
177
31
5179
1176
1533
1
3554
1
1
1
6815
37
3020
1
407
6635
2061
1
1
1
6979
1
4111
1269
1
1
6413
1
9
1955
1
3289
4675
221
2535
1
1
1186
1
1429
1
2348
9143
407
2745
34
7270
1
19
3590
826
1
1
221
8
1887
1
4733
233
1
366
1
407
2190
1
121
2295
1
1
3731
149
3170
1931
1171
7493
3811
19
993
1
1
1
1
5139
1
41
1
1
3643
121
1
1
1
2557
6445
1176
7
1
668
1
1603
1
3076
1
1
10
70
13
33
940
425
2065
2741
4005
1
340
55
5371
335
1359
1001
931
2245
1
1358
435
2220
1
250
1
865
71
1888
4270
79
1489
365
3289
61
3356
7304
5941
393
4095
2069
1900
4609
71
1
1283
2182
2611
1045
6766
1
846
1
1
1083
4993
1362
1
3
1
1532
211
2935
1711
3605
3379
1
688
2318
2133
2927
2764
1
36
1
1464
1
3607
1
5601
247
89
1
1209
5052
969
7089
183
649
1779
91
3097
1
45
1
2204
111
4105
1
1
15
7273
1
4121
41
128
2621
1
61
6398
3370
1
3454
852
3452
8
142
5706
1
6121
1
7113
6963
1
1
5783
2383
952
68
1993
1
539
2341
1
1
329
3351
9649
1
1
3220
5007
1
1844
1
3204
3405
1
1
1
2838
907
8809
1977
46
1
2655
8
749
3526
29
3537
5957
4974
22
21
2237
1
233
47
1
1
4000
1746
1
1
1
1
1864
70
81
1
784
3774
1321
1661
2716
2342
405
1
8
6065
1
689
2818
261
1
1599
556
1
2405
4689
2767
1
2655
8319
1051
550
112
547
1
5917
1
2072
1002
1490
939
1036
199
2836
1
1992
1134
1
1
34
6850
1
1691
1
4806
1
1
1
1378
1778
1771
221
466
4056
23
1646
1762
334
3393
4348
355
97
4804
1063
2675
1
1104
1
1153
1
1
1
1
611
1217
1
4769
1
1414
273
1
1
11
283
601
16
1
1
2633
101
1
97
4801
1
4020
2754
1041
1
1
6940
67
3920
784
2804
281
7089
1
2755
7809
1
3994
184
41
8699
137
51
1
859
1
2049
1405
3857
1
1
883
16
49
1
5
1
454
6496
49
1
1
1
7347
1301
59
1
1
1707
4405
2
3698
1754
1
347
407
180
601
1657
257
6144
1
215
1
1
1
1
2287
4512
17
664
1
1
1
8628
1
59
601
1033
81
7565
944
1
79
19
1
39
1476
4268
154
1
2083
6615
379
100
1
3257
8
62
7358
1
2119
1
1
1
1505
96
1
597
16
249
1
1
1
628
1
1
8278
3
1
4942
761
2995
6478
33
48
2746
3015
1079
21
3268
7
505
1
1975
31
1
1
583
1
1
1
299
6859
9
158
429
111
1
312
5167
3298
1
2246
1
1
45
30
9
1426
4427
1
4669
1
1
1
477
1
6033
2968
1
5621
10
16
629
2500
1
2592
1
37
5193
2546
1
743
2328
13
1155
5065
15
3444
9233
1212
1
1993
5661
251
3
4137
1501
106
1558
1655
1
1
1314
1686
988
1
628
1
1
1
6521
30
1295
81
3726
2121
1
1
569
1
1
1
97
1865
174
316
28
1
4016
1
81
5641
1
1
3624
4798
5530
180
1
343
1855
1
1
1
15
6273
774
43
8795
6525
7334
1
21
1
1
5724
559
88
47
122
455
5886
1951
1
1962
7595
1
1985
341
1
1
926
1
1
1
37
1
4714
1285
1
3737
1211
1
1
3552
1
758
2001
2102
21
1
21
61
1785
1
8
1901
1
1
2824
1
1
1
8
176
1341
1
7545
4489
6000
1
581
211
1
3532
431
1
265
993
1600
1
4462
1
787
15
1
1
1
771
4467
1
1
1
1
888
1189
432
657
1587
2608
8949
2941
1
739
1
1887
3858
1673
4347
1
1
4556
1
1
1
1
1
1
13
1
48
693
986
3025
1
573
2866
1
620
499
857
2356
1
1815
1146
1743
34
81
107
2213
41
1
1
925
1
1
7027
475
5155
101
1
1656
1
1
3
1
1
679
9
1
1
627
1
2446
1
3
4066
1458
354
1
1
1
3965
1
7
1
729
158
309
95
2373
183
4385
1
1
10
3
1
1
1
293
1
6345
9
69
9
1
3
1
4180
2
1799
2820
985
1
1843
1
3944
1
305
1036
2341
155
587
40
1446
965
2161
47
6617
1
3709
2234
20
476
8972
2536
1946
1
211
4569
1
1
356
2177
736
7507
1
2097
677
1
413
414
1
1
459
3171
1996
2944
1
1319
21
1232
2792
1
81
106
3509
1
4441
2871
105
1
4221
1
1605
282
1800
294
367
2501
320
1
5
3181
2203
31
4113
1
116
1991
1
1
665
8816
112
1889
1
1
6127
2
1
7144
2714
1
730
1832
1
1
210
1
771
917
7240
1
624
2329
1721
55
81
1999
21
8350
1
1
31
1
24
640
2195
1
225
4172
7873
1729
3164
246
1690
1
442
1
505
292
1515
1
1
1
101
1751
1
1864
1954
1975
8
3103
2799
533
1681
3764
1
301
6313
3559
7425
1
3293
1
81
1
1
236
1
7351
553
455
4140
4967
1
3045
2791
1061
1
1
5731
1
1
1
175
7142
1953
1994
111
291
25
5754
1
39
2971
5230
34
1
611
1
57
1
46
2956
5797
1
3
1153
4117
1
570
1
88
1
1
1
3740
9
1
4512
5546
560
3111
4077
1
6615
123
456
1
1
1
1
1
667
1
2461
21
1
5227
1
1121
1
31
8787
2684
67
1
5420
69
6641
2385
1117
1
1
146
1656
8
123
1
922
1
1
4630
1
1
2
1
1
1
3103
1338
1
1
2143
6645
169
2166
2048
16
2165
295
1867
133
1153
1
81
24
231
2053
589
475
1181
19
55
1
6
1
375
1118
1
1104
2
433
1
1
1428
1
1481
116
1
1
1
2887
7408
581
1267
1
1235
1
46
47
53
1
1
67
1
1
1
1
1
5465
21
1
1
1
1035
6415
1
5790
8446
1
2043
456
15
283
1
5806
1564
833
295
81
1
1
1191
13
3879
49
155
25
121
236
1
61
1
6237
2449
1
1
5494
2285
711
4616
2507
1
245
1
1
1087
1
6663
751
226
1
82
81
1
79
15
1
1
1
441
497
7977
2930
1
1
1
4
1489
1
1
3949
2357
4819
1366
1
5606
2987
6
1
435
1
1
1
176
1
1379
4525
2004
275
874
16
1
1
1
72
3886
6545
1
1142
1633
1
2481
34
2112
2457
777
133
1
1874
1
1
932
1
309
2897
34
1
1
4245
3258
1426
4907
1
1
2974
9227
1
126
1
1
6801
1
3216
2669
1307
33
1949
1
181
48
1
3596
67
5
1
1
1
117
43
1
56
1081
1
1
7874
34
2815
1
6478
2773
9318
169
1
129
1
5366
3896
1
1
2629
3275
9
1981
1
2787
1
6097
4719
1
1
757
1
1
4309
835
31
2719
5
1
1337
1
1
111
1
436
2278
1
853
3911
1
4078
1366
1
2851
1
5925
467
1
6912
409
1673
1
2592
1
6296
1
7281
1
532
4725
1074
1
1389
1907
1
4313
4447
9
1681
7321
1
5
1003
17
1021
489
1
349
2454
63
1
6208
1
1
379
133
2645
1087
1
221
1846
1051
1
1840
1924
805
1406
33
197
1
1824
2778
213
393
255
1644
32
175
1
2166
1
2
1
1
221
750
2047
307
1
2778
265
1
1
5783
3365
347
2441
3161
4856
1
2631
4781
2819
878
1
4415
1
157
81
869
1
1
4183
4135
59
1
1
982
5581
623
2868
1702
1
34
55
33
1
8
49
5315
1
371
85
34
1
47
1
1
2638
49
1369
543
57
1806
640
3882
4491
1
2116
871
197
1
5053
2
283
81
157
54
487
3259
3114
5548
15
155
3130
3690
1
2306
3069
17
865
543
2039
2871
1406
1645
100
10
2158
8162
1
1382
1
5564
1
8558
1139
1
1072
41
1
667
38
3483
3013
2300
6581
4407
1
1
959
763
1104
687
3403
4497
5727
1
2203
1
245
1
793
1142
1
8
183
5487
5851
1
5661
1
15
1
6481
1330
6109
1
1
2473
4033
81
436
1
147
581
1
2811
2782
1229
7006
9
1251
5
1
1
549
281
1
3641
585
5991
1
1
1072
161
7591
1
1
41
313
1
7951
370
25
2045
2658
1361
3231
1
1968
1
761
1
1
235
718
41
1396
1
99
2713
1
1069
305
50
5602
1
6103
1
1
4117
1081
3048
2041
4097
3174
1
2616
393
28
2993
5340
1
3026
1
3707
3430
48
1
191
41
34
1
2992
41
1
71
3305
1
55
1
7
1
1
9
33
1241
2049
1
997
4
1
1
3958
6255
2489
584
94
4746
3761
2162
2459
1
21
2651
770
353
5989
1063
63
283
6758
1605
1
7942
2346
849
5977
1
4227
1
982
1
4084
1
1
1
4130
1
751
1
526
1809
385
1633
1060
6390
236
175
2401
1875
1128
443
1529
1
1
2302
4357
6489
864
1
4171
1
58
3635
1
1
2980
1515
1
1
4552
1
1396
1530
781
1
1
385
62
4372
1414
8539
3204
2812
1737
1
1284
947
329
3
1
1858
150
5742
5385
3228
853
2733
34
814
1
112
1
527
1027
10
1252
809
6661
1
67
2073
1
4729
4353
2834
143
72
3086
3026
356
717
3092
49
3646
2841
1467
1
1
699
64
5641
1
1
191
3001
1
485
133
1
1443
573
790
7407
1
8257
75
1
1060
2685
9127
9
577
1129
1
147
2
1
148
81
2119
1
10
2313
1
81
265
124
2
2093
751
1901
1
471
1
1
1848
1
5646
955
689
1906
27
1
61
3946
1
149
1
1416
53
1839
363
2336
4082
33
1
529
2411
379
8917
1
1796
24
95
89
1055
8584
1847
7
2242
113
67
1
2932
1678
1
16
242
1
7076
1
2018
1
82
1
1205
1
1
1
4665
1201
1425
1
917
1977
1
286
1
81
1
1169
1
1
1
701
1836
1
1224
39
1
1
1
21
1
1
3011
1519
622
865
1
3835
5026
8317
19
1
1
2731
1091
6712
1025
1
1236
856
321
17
1
1
30
410
1969
2393
118
1
5783
3646
1
2815
327
23
727
1
117
83
1
877
5
1
676
1
1
99
2913
25
123
1
1
1
934
3105
1
1
1
4983
1
1490
55
1
65
175
1081
633
1
407
1
181
33
1195
1
1
2950
1
165
1
5440
6144
7054
427
175
9
5293
198
1
1597
1627
1293
3266
967
2575
1941
2828
4665
580
1151
2373
1
37
1303
1
3839
1
15
2
1511
5725
2659
1
1
55
1
678
1
86
1
7201
9225
1
1
273
1
1
589
30
1
1
2219
3306
1
1
2776
455
1
3111
3046
1146
1
1
2455
147
19
48
4608
112
103
508
1
4554
6754
223
3825
801
1738
63
6639
821
29
1789
465
4576
892
1
1
1203
197
1
2199
2434
1
1
554
13
1002
142
1781
21
1
239
1
3723
1
1
2315
2
4405
716
1
1
2715
1
584
161
1
5068
231
268
1
4
1
123
1
6541
1
10
1
1470
113
336
1
6463
1004
7553
3528
1045
1018
4145
3243
2857
295
3475
1233
2334
34
8429
1
13
18
1449
1
1
1089
1
5952
525
1
897
55
1
1
128
7524
379
1
1
9517
1
1
7558
1088
3
1
3133
2
3859
1
1
1
1
2344
6639
1530
1
33
216
503
1
1
1644
1
254
4794
3968
1
117
67
1
1
6100
1399
207
142
6586
3019
802
1
9
4810
2804
2213
153
1
183
3766
7284
3605
4395
2243
4393
3958
1
5674
1
3413
804
3241
613
1
1057
1
1740
6443
13
6918
1
1
1
1
10
1419
14
113
1
2493
1
161
1
1
27
719
7752
1
1
1
1
282
2446
41
199
3
4436
1
1088
156
1
568
17
1
78
4238
1851
1
1
4417
1
122
3148
1
4373
8611
3604
1502
1
2537
85
2
5
4267
1
1
919
2776
686
2313
882
3763
1354
1
1
3550
3484
7105
2
1
144
1
1
39
94
1
846
7066
2213
733
1
5941
1387
27
414
3295
8608
1
7
1
8710
1
112
5519
149
1
1
2298
46
423
2057
3887
13
4669
8
1
1
4151
4291
1
1
3823
1
1
61
2752
3505
1
89
1588
1
3985
744
1336
1909
1267
1
2861
142
97
117
2026
1936
571
3470
1
3433
2337
1
1681
1
1036
1678
3669
1
2141
1
22
285
1
19
1
1
185
1
1
1
3053
1
81
1
1
1
3751
64
5827
1021
942
1
31
1464
2292
1
316
1691
667
497
1
6991
6281
1
355
1
329
1
1
1545
5025
2773
5383
189
97
4929
1179
1408
1
1
2083
1
3613
1
1
1
381
1
1110
766
1
1191
2336
1
20
1
31
3
123
217
695
1450
1510
1
792
1
1
1
1268
1
2
25
3823
1
1
1933
1767
202
2857
1244
1
1
8500
2029
2223
1
133
17
175
85
41
177
1
1
552
115
1
1
1
4489
742
10
1
81
3906
1
1
34
1
1
3893
953
146
21
89
2989
1799
1
1
2217
607
5617
5138
464
1
1
2321
787
1
5121
3443
1
118
1116
7
3
47
1
1
428
1
1
1061
234
1626
617
1
1
1
221
1447
1
4273
1
1613
3570
6674
5002
1
2054
2465
1
3275
8
5
1
2640
672
1
1
1120
1
2909
14
1
4
1
8176
1
111
1
406
738
1081
1
5244
1
865
3469
393
899
8
10
1741
166
103
1
7491
715
3835
6234
2899
197
1786
1
4267
4280
3517
45
1
478
1606
1
2659
7549
7688
911
1
214
1
1160
7347
3233
803
959
1
1
1203
4121
1
1
1760
2647
1
1
2689
1
1411
142
1781
653
8385
1
4193
11
1988
1
1107
155
1
61
1
880
4390
81
4171
6091
3760
19
1
138
2322
1
1
1
191
4110
1
1
1
2033
306
677
4076
204
232
1068
1
10
1
1
401
2507
1
1849
78
1097
1
1
421
209
6481
1
1
1213
229
503
1
34
1303
81
1375
57
1
1934
4
53
1
1
71
357
4944
565
5479
693
1
1
1
61
1
2954
1
193
255
2655
3872
391
1
526
29
3057
214
1
3391
3229
1
489
2527
1335
1
1449
557
1
6112
1
1
1
38
493
4444
4547
2173
4031
1310
20
1
2261
4176
8
2694
7508
45
1
2911
1
6230
1
73
1
2795
1409
5669
16
4329
750
2948
214
1062
1
1
1815
100
1
1
1
1866
2095
1
1492
34
3645
309
6449
120
43
5301
8
79
1
1
1
7
2325
1
1
153
7644
4839
1
275
474
2251
1
8214
198
372
5
2095
497
3451
1
16
1
1
1
3339
59
804
1
1969
6593
192
1270
3489
1969
306
1
23
1379
2312
12
61
1
1038
1949
119
55
2
3111
1
58
1016
3805
245
1393
1414
7322
76
1
2294
115
1
616
4038
28
6217
7613
1
236
3771
1
1
4
3409
991
1
474
38
54
843
2641
1
7808
2556
3136
695
1854
1
1271
1
1
41
1037
1
5
1
1
1
2058
1315
1243
5071
2425
1
285
6365
1
323
1
1
4167
1
1
1
1
1277
1
1065
3850
1709
1413
30
5986
1469
1797
1
3107
240
3108
287
1
1
1
146
2305
8
7
81
1051
1
4013
3
41
1
1388
34
4330
725
1
2364
378
859
21
2490
87
1
2443
1
1
279
818
4358
4495
1
5372
2282
1
331
17
2802
1
62
1
2501
4881
143
2
6876
2091
1
676
17
1326
3123
1
6014
3201
804
1
4281
658
372
5992
3331
1
1
11
3401
1388
7489
1
5772
16
2585
1
1
5659
53
19
3919
5661
34
267
389
1
77
1
1
2438
1627
552
41
81
47
57
1
2243
1
6550
3101
146
137
1
1
1
1
1
746
1
59
1
8201
8346
1
517
707
2671
57
1
17
5366
4195
1
4229
240
28
2463
1
191
9323
29
3007
3273
6195
1781
2467
41
155
4186
5441
1
2553
4108
14
5676
474
1081
1
1
1
5018
1
4
46
19
3477
1
3070
641
253
571
1
3832
2861
1
25
1
2
186
1
1
1
4819
1
189
15
1
333
692
48
2980
4936
1
1
138
1
3119
301
61
55
3857
1
9
1177
1
1
308
1354
96
2151
232
5449
1
1
1
1
107
4063
2784
2063
1
491
309
1
1003
3165
75
2467
1195
69
5
1975
1
5
2000
1277
1
2537
478
1
1
439
271
2640
873
711
43
607
1201
1162
6995
1
106
1
386
995
17
185
847
1
1794
1
1
5522
3736
3606
122
1
81
1
1
1
1
78
1234
1
2728
2460
13
1094
3422
2124
7729
6685
3909
1
1595
113
3803
1
898
5169
1
1048
2771
1
5746
2
1185
1
5821
595
1
1108
3587
1
78
1
1
1071
1
860
5491
274
576
35
1
1
874
4047
274
6310
771
1
2667
473
639
1298
1
148
977
336
16
1
1
41
123
125
1964
7074
547
1
3965
5342
1
3396
49
81
1853
1
7445
33
1
509
6854
1
1
4124
2443
16
2845
73
1
8
