1
240
500
79
1
1
430
1
1
11
699
1
1
62
2
1
1
1
150
313
9
1
1
1
1
649
1
195
1
230
1
45
1
1
1
89
25
78
1
1
17
17
350
16
1
1
1
52
6
2
1
1
21
67
11
221
1
115
393
1
1
209
1
749
195
1
17
6
403
1
1
47
361
1
187
23
12
377
1
1
166
1
1
142
1
10
149
208
99
23
284
45
31
20
362
1
647
1
1
173
1
1
118
42
127
354
1
4
186
13
44
1
881
106
1
117
214
590
30
1
1
673
603
39
281
88
1
1
1
22
101
511
245
1
309
1
1
674
926
494
1
1
21
1
1
8
1
1
1
61
251
141
343
34
107
1
136
91
225
1
229
493
1
665
325
97
139
89
1
348
1
99
1
4
77
1
671
84
67
461
415
242
1
49
512
183
3
11
541
1
156
2
33
225
4
1
441
467
71
1
167
686
181
1
71
1
117
1
1
154
11
92
820
1
246
502
3
150
105
1
1
175
441
7
1
146
1
117
881
1
319
1
535
805
12
1
1
1
1
295
232
411
1
7
412
1
1
261
34
1
16
61
1
876
241
13
555
1
95
1
346
1
431
1
1
349
469
1
1
1
5
124
112
476
1
249
902
1
1
1
11
1
577
1
133
70
1
1
1
11
747
1
472
1
1
133
1
223
127
81
450
1
6
1
353
1
34
1
1
63
2
1
1
1
139
593
1
541
199
23
1
535
385
1
166
167
1
6
241
595
1
120
91
7
1
113
280
183
2
1
1
9
173
24
571
137
434
1
1
1
33
97
1
234
111
4
222
6
1
1
113
116
1
157
657
70
5
57
17
1
280
110
135
2
289
1
1
1
414
232
1
277
1
407
225
25
122
1
1
54
6
1
109
397
84
841
209
6
146
162
1
1
1
1
325
551
117
8
131
22
599
1
183
30
1
151
168
1
1
131
1
1
334
1
3
152
427
1
77
61
541
16
1
493
667
1
670
1
91
1
1
685
621
63
1
4
10
47
66
1
97
1
1
407
170
28
1
453
1
460
252
377
1
1
1
13
121
569
349
307
1
1
4
694
314
601
1
134
1
78
107
307
326
26
39
1
2
1
250
529
642
85
1
6
2
62
15
1
7
73
1
577
268
47
16
338
4
633
43
1
1
34
1
1
13
1
1
557
1
146
1
427
1
111
8
1
1
50
1
1
1
1
1
28
109
73
139
7
177
1
174
729
32
8
459
221
7
337
577
779
79
371
6
204
59
1
232
586
11
107
113
123
1
97
37
31
264
553
645
353
105
469
1
1
1
45
50
253
556
24
9
1
525
69
307
1
6
1
91
1
85
78
87
1
45
73
322
22
1
37
1
40
709
286
7
1
790
468
1
27
361
1
1
1
126
474
1
177
324
89
1
11
1
1
590
1
1
145
4
2
274
406
180
1
559
16
629
1
1
1
3
521
1
231
1
225
1
245
1
1
89
157
4
1
617
8
13
1
1
1
2
4
13
484
130
31
13
309
23
1
1
1
1
1
605
57
2
1
60
171
391
106
1
45
128
180
1
1
39
1
1
1
177
405
516
77
2
7
1
272
232
83
1
1
1
1
123
418
257
169
67
1
69
1
46
137
5
743
54
1
21
19
90
67
16
388
59
575
1
52
93
201
1
772
1
60
7
369
685
1
121
2
1
269
24
13
1
1
1
24
191
398
1
433
470
13
133
201
261
1
1
284
899
11
5
16
95
1
2
1
57
562
557
11
681
1
1
161
69
1
56
1
25
46
250
154
173
275
1
1
1
11
42
7
1
381
145
17
1
1
1
773
13
145
1
16
25
1
45
11
698
1
1
517
1
302
287
21
1
256
8
12
5
237
409
1
1
732
1
265
67
513
1
648
85
161
177
22
442
469
790
402
111
21
497
1
1
1
13
319
1
1
341
32
243
1
337
1
1
22
515
61
425
1
1
572
1
27
196
487
93
12
101
1
1
51
1
171
139
1
7
1
2
1
505
48
1
1
389
24
1
1
713
379
30
11
1
492
1
801
54
18
602
43
1
53
174
411
1
682
365
1
1
611
545
17
82
1
59
1
1
65
16
7
82
1
233
246
43
591
34
206
261
21
381
264
316
100
459
1
37
1
581
7
1
1
61
286
614
45
691
247
59
17
19
1
151
1
1
179
170
496
152
1
137
97
116
511
1
1
6
42
1
537
131
13
188
11
91
10
263
1
569
110
533
313
1
865
2
1
21
125
7
1
1
1
1
82
284
2
