359.000
13087.000
2317.762
1286.069
3465.000
1364.632
2666.000
86.018
3382.166
493.949
14276.882
4078.773
25.722
348.631
5074.331
3047.605
7208.497
5372.000
3101.773
89.340
13.132
1.524
160.447
2449.792
563.947
7016.944
2527.100
139.112
8.485
328.157
737.785
10878.699
8900.000
1488.000
104.740
5548.000
1173.423
514.321
264.564
2963.561
42.614
4.119
864.170
3118.019
10.858
48.195
367.474
3809.182
1419.104
10427.830
314.803
5270.545
1897.004
78.689
16.510
81.850
7218.169
1556.614
60.580
1763.000
433.778
263.370
100.024
3042.771
2889.217
824.581
51.563
133.874
2822.987
367.102
10828.000
3829.623
958.094
6771.830
74.806
10709.327
44.609
9634.817
388.212
9300.141
125.534
2322.465
5339.568
2220.076
274.396
2150.983
613.766
289.906
5038.727
270.469
808.783
5623.040
1876.121
31.971
399.340
486.000
843.628
1379.717
5939.050
226.575
45.692
1682.720
855.044
232.440
55.828
103.740
14850.772
11871.793
6766.156
2.594
746.018
11316.849
428.264
2433.209
224.445
111.931
10757.246
975.261
296.083
5.520
11035.479
49.890
4.711
1744.786
127.333
612.697
1283.160
381.799
22.297
2839.962
98.432
14.859
41.451
251.519
2375.000
71.373
0.019
4041.272
105.514
8701.443
5183.000
4217.693
1321.092
20.129
1.669
506.035
785.578
106.368
829.920
3481.672
4199.987
1997.358
211.529
2772.000
2419.194
462.917
8143.000
865.000
2392.656
989.270
391.202
762.014
4271.396
344.949
1747.090
1313.742
91.543
525.470
11079.000
225.042
2194.000
94.775
48.562
74.253
10632.590
46.878
4.614
699.666
271.806
207.524
4080.000
1.923
4655.000
1404.000
1143.836
3505.931
2752.576
1224.000
1700.239
1.037
0.652
330.489
178.558
2.158
0.539
6652.426
791.745
2252.508
883.869
25.571
149.860
43.365
15282.319
579.142
80.477
1162.535
3362.070
805.937
5842.899
2.463
8854.000
1970.066
1640.963
3524.775
173.937
1051.416
0.236
686.488
2530.765
518.940
4330.473
1586.349
21.672
2995.095
13382.694
744.000
3839.303
8679.115
712.312
7851.390
1513.777
4203.000
1235.464
2384.664
444.434
3110.706
3904.331
845.597
144.597
5846.178
207.049
659.488
2213.692
133.373
2799.176
31.832
8870.000
1861.559
1177.443
2828.693
2026.954
2695.624
1530.997
29.705
57.757
330.088
5937.263
422.161
2944.839
10897.497
4932.407
99.826
143.426
290.496
8200.119
50.970
1.830
1639.841
111.011
8941.340
2190.393
232.999
80.115
6724.693
1563.945
624.326
27.908
115.472
4087.777
1666.456
1031.076
290.000
3403.594
2242.235
1412.056
1186.731
5632.000
2792.000
2008.724
643.011
450.998
1502.353
263.182
724.950
15434.056
612.049
11255.990
643.823
9497.000
561.496
1443.225
439.821
36.903
0.627
799.574
8.510
2872.807
77.751
63.210
449.561
4405.008
160.372
274.438
334.297
85.166
0.001
7662.442
6034.000
5619.378
4746.443
15.587
1705.882
3168.354
20.814
0.008
824.514
306.304
1545.727
536.746
4186.000
854.287
1442.833
1167.524
1367.366
506.226
479.146
2017.202
205.060
169.309
0.493
9974.708
146.175
103.487
857.904
8418.672
0.075
7.784
889.103
2003.644
6828.390
370.448
6519.633
220.663
2037.965
13.037
497.542
3144.686
318.527
69.740
30.093
5946.000
467.354
2061.975
0.043
1295.093
4175.000
395.503
117.963
867.762
361.792
17.018
2419.000
150.314
129.178
5471.000
3602.000
2862.443
4722.793
3110.848
14.379
3932.000
947.000
38.335
2470.072
1616.452
261.765
11988.294
2069.964
2111.000
1566.529
148.887
7734.014
183.716
106.890
8211.023
1540.453
7301.654
173.642
42.099
1506.000
595.375
1.206
2320.445
5750.798
342.041
816.940
3709.948
69.896
554.000
43.625
414.792
1292.721
5875.871
2.723
2527.000
4387.606
4471.000
889.000
131.065
1015.692
78.519
2507.818
483.369
1111.417
2287.245
949.000
720.684
1.065
102.220
1833.625
820.000
6001.922
246.200
900.147
39.977
5480.401
90.216
16668.694
1773.769
850.851
5894.742
0.937
3831.000
2964.474
0.202
113.282
445.483
6337.466
326.289
13.270
3144.363
400.265
153.677
4550.247
4889.864
3244.043
8311.251
7965.423
5067.774
1531.049
412.882
1922.746
85.137
1085.036
695.638
670.257
39.397
8374.635
1852.704
2049.081
2413.719
133.279
668.253
1713.933
12965.587
678.272
5398.778
356.852
11023.182
2813.503
2031.944
1983.350
972.940
360.698
1491.677
5073.000
995.000
2218.149
1450.356
659.620
11.433
4503.000
26.051
994.327
3535.443
1419.862
190.471
9355.196
23.713
333.183
6021.524
5407.010
2633.489
4805.930
1937.534
1.814
31.497
3584.693
1446.987
2535.663
7.850
494.403
9776.230
186.560
71.404
210.342
53.787
2328.676
6557.000
639.473
660.000
3618.333
11.081
5.291
6478.252
5851.679
2754.817
41.395
16.117
20.298
3521.924
2291.725
5385.000
63.869
2151.000
2.685
1252.927
3333.245
179.263
1676.593
12556.000
1520.938
2272.203
8920.000
0.878
160.479
641.466
3757.000
656.928
2324.977
549.419
366.935
4730.000
196.876
670.605
59.041
579.524
104.779
0.005
1417.646
0.137
153.657
1438.894
15.349
8725.557
209.661
1.461
7098.796
131.453
2942.678
50.654
10477.017
68.313
8732.373
3.427
4548.764
5138.185
338.982
522.970
2546.380
155.868
10.331
3117.962
1378.914
192.332
110.801
23.613
9426.849
15.561
6931.581
3.952
261.760
2826.758
295.315
8829.912
1886.615
51.597
533.290
1090.102
1869.091
1677.110
166.544
943.271
7552.007
331.818
55.741
534.519
1410.000
7941.628
606.403
130.212
154.104
260.109
3430.840
1258.229
22.495
861.030
262.310
6.744
48.953
10949.932
8838.981
4985.833
573.256
15.530
29.567
5181.000
4017.987
1039.808
1052.229
720.596
8386.000
5886.558
4301.499
406.911
0.460
2176.111
1844.000
2998.692
2.839
753.000
709.928
240.449
30.381
2354.641
311.916
49.445
813.639
313.053
1265.624
3528.000
2640.474
3066.266
3734.659
1913.857
517.000
12.311
2491.281
1142.204
949.767
1609.797
15.803
2489.330
229.180
2209.584
11.386
101.260
755.460
161.909
1410.861
36.202
98.777
8667.320
229.216
1.664
1187.517
6343.012
503.729
64.000
953.670
3482.572
6.401
4.939
4872.770
2631.448
1861.934
144.387
2635.959
2415.000
0.025
1841.116
1777.444
85.573
8050.000
1014.517
390.751
2421.691
3301.312
775.475
6.584
9656.000
938.599
49.135
14.589
0.001
1115.209
2856.175
10988.000
4773.076
267.048
2172.942
459.286
509.461
2496.964
345.527
9809.422
2368.868
2303.000
189.718
365.897
650.850
108.993
3612.064
133.341
20.781
1633.124
833.202
54.310
3266.000
115.055
257.748
2.186
87.556
574.594
35.664
861.431
10075.400
3322.152
1170.752
1615.138
9304.922
1623.322
109.008
102.979
5188.000
0.332
46.265
1.056
6550.000
2672.650
1263.206
106.201
5063.442
1331.981
287.719
1582.270
2033.000
429.606
1119.349
2780.185
515.365
7121.126
4289.000
4667.940
18.643
5333.211
4075.922
17.897
5.787
67.917
10498.316
5835.000
4245.163
256.010
85.369
455.897
359.581
1033.751
438.263
25.264
2771.419
10.532
5094.907
212.699
299.141
12345.240
11723.785
4411.960
7411.000
2694.305
312.000
2535.000
287.362
1451.930
1675.630
1488.327
5.799
1647.218
0.432
2471.769
415.156
53.475
3143.000
4871.641
2300.339
9246.000
7911.941
1969.524
256.473
77.985
2065.000
89.820
489.268
166.717
4713.046
2587.939
1810.709
41.160
3.504
818.876
96.230
5706.566
2382.809
4928.000
1462.076
5185.000
3064.262
227.538
3.810
0.192
5232.379
4270.434
3611.438
1340.187
2228.000
516.541
28.978
5121.479
1.143
117.276
372.858
1908.682
711.168
16.860
10.583
3389.454
173.338
224.394
46.195
5280.110
52.000
326.674
8966.680
7785.000
4221.874
200.916
4175.255
472.241
6294.367
1722.000
1694.651
109.052
328.427
6018.500
4370.000
5.080
620.357
823.046
2900.137
333.855
2.433
3228.000
612.403
1335.891
28.204
4301.361
1567.367
1368.597
1875.816
536.140
6514.000
60.273
20.813
752.163
183.413
4096.132
35.253
2.874
5552.400
1861.268
7042.977
3370.912
1460.062
3381.557
430.864
6180.200
881.075
289.447
3603.275
2427.127
112.951
3213.552
7.061
229.998
8821.319
2840.000
4582.414
759.852
16.283
642.666
1497.462
230.350
1843.267
5720.618
3465.492
2769.002
12.649
3864.758
337.450
3294.099
709.706
1.363
1279.503
120.569
2917.746
101.054
176.967
8631.000
3622.000
38.440
6904.261
3447.819
2059.918
2266.000
883.174
2505.271
4143.304
1846.535
310.643
1385.000
61.194
2954.519
26.750
1493.824
12546.573
5358.579
3373.143
83.275
1685.621
88.851
1242.227
54.974
54.486
24.997
7982.402
184.358
9887.652
297.811
9582.736
6187.168
2387.601
226.113
70.213
277.852
19.355
2855.425
519.435
98.369
3606.000
71.343
928.468
0.713
1046.462
5019.000
974.335
9694.517
5037.089
921.966
1034.594
7032.640
6467.207
354.749
653.934
113.724
7004.000
6967.049
1534.782
96.577
888.489
1604.552
4847.784
3602.000
1778.152
2525.894
1884.550
19.970
1397.206
844.759
518.680
31.146
33.746
2427.826
10331.531
270.426
8461.000
52.076
6.122
2.388
11392.745
24.305
54.658
4994.235
394.698
339.109
7170.957
778.006
6558.000
109.912
3314.157
668.985
76.000
35.705
1292.572
831.158
6952.729
5837.944
373.934
906.494
607.000
5.931
488.800
263.267
1301.503
141.080
13727.898
103.937
5327.000
964.762
736.863
509.958
377.055
54.315
1261.222
3122.820
6236.212
259.519
30.285
26.000
2870.759
9406.885
435.057
3477.525
938.654
813.315
20.301
6272.581
1165.647
4096.362
1.235
458.570
418.022
0.000
46.037
138.152
10560.309
1058.586
4917.132
54.991
489.000
1193.974
201.850
0.216
8800.000
8198.640
1748.776
308.356
1176.687
6838.956
33.971
4843.689
234.172
480.353
5162.812
118.220
1768.227
5257.000
10.471
2182.423
55.656
0.135
123.619
200.558
32.891
620.677
4644.779
3976.186
25.512
365.000
2218.000
1454.062
6567.272
1287.225
4968.000
4690.002
1841.913
505.575
9.391
938.261
388.595
3093.199
286.267
119.556
10439.670
5258.853
6223.761
5482.000
5586.493
216.200
7.670
242.114
2836.194
85.623
167.658
428.000
2593.608
69.370
5545.000
3266.000
1505.000
0.008
4408.000
714.687
471.871
7493.917
0.434
7067.000
1038.827
464.638
61.703
2538.416
914.370
19.000
121.345
655.058
515.248
1463.324
1964.603
365.721
10.622
478.699
2.640
0.269
3325.277
169.828
5.599
8865.022
3585.670
424.334
3546.438
31.329
1444.112
250.266
1381.046
1187.085
4040.625
199.987
1736.028
2922.623
4365.662
375.910
76.405
3.108
754.649
667.992
8599.989
303.095
7882.000
224.986
1624.590
2023.623
1.933
5814.000
2988.135
763.959
9021.773
799.985
2708.254
1517.030
1721.000
26.722
1971.130
8972.295
208.883
1304.056
5518.554
1479.092
1932.125
489.754
151.733
1479.134
58.021
6466.000
276.870
238.219
1318.926
4599.000
3961.000
2469.927
6541.000
4041.000
3524.641
33.843
20.000
229.206
0.842
3302.537
205.094
574.977
264.996
14459.778
665.460
2778.000
2241.728
1.866
6051.116
581.298
2432.400
16.346
2653.694
14190.487
1441.000
22.655
7627.000
349.497
11719.599
5552.103
3355.876
3701.772
2298.725
429.653
1131.561
488.522
31.594
20.529
2794.697
1018.346
12.246
129.891
1079.605
0.032
82.787
2904.157
145.929
164.175
9289.317
5785.523
1426.190
2144.664
557.543
4321.995
2700.000
792.932
3383.762
162.144
16.220
730.776
25.310
2.873
2610.325
861.000
37.772
8359.000
1121.280
16.258
14.175
1.323
6686.668
1110.512
63.666
10342.218
1133.584
9803.000
798.328
388.894
145.690
41.187
10849.414
3953.000
2827.977
2571.136
81.584
3864.000
1031.207
1854.429
542.000
2478.378
1400.000
1232.159
1900.868
76.767
303.062
532.241
1831.214
58.650
254.445
3388.000
61.804
100.296
886.595
921.747
6605.913
56.884
555.051
9054.110
3216.463
90.995
64.405
2766.395
340.819
2004.784
1518.009
209.177
8920.413
5328.000
313.543
1297.230
102.562
6047.000
514.344
8518.226
1404.598
165.060
4197.402
239.558
813.865
183.547
6226.894
338.580
243.093
1017.136
146.712
26.424
3885.768
681.656
444.677
6336.313
53.759
3227.873
151.105
110.094
45.488
122.786
501.000
2.399
2425.274
75.179
245.103
7908.000
520.000
7020.410
689.732
286.815
9.262
1535.718
3013.414
178.299
4245.641
3637.825
2776.297
15.434
587.000
582.422
1979.654
954.039
1035.711
3618.250
1882.116
499.401
1036.516
479.515
100.464
58.228
3884.518
2854.640
800.000
392.156
4594.455
655.115
3.364
747.547
6208.173
411.844
55.125
141.396
2111.217
2111.783
104.458
13333.847
46.097
68.399
3173.017
94.298
2738.011
294.850
8.543
4048.776
8254.337
90.170
4244.000
3197.893
2825.622
11.648
162.783
4.585
59.673
6116.687
3411.000
2899.040
252.456
62.440
3.902
1068.084
1037.797
2480.905
183.521
1698.788
276.293
962.000
555.469
533.531
1143.328
356.416
3968.178
569.643
1.116
2151.000
3673.510
175.790
783.649
1.671
6038.000
4948.000
1419.871
154.916
143.571
354.725
159.384
2307.931
370.358
2600.000
4866.250
2753.605
3270.000
39.745
4204.237
2939.591
4625.833
35.875
1168.759
12154.318
20.200
8.906
1557.339
5924.431
7.126
1048.000
73.000
8654.000
751.681
833.911
106.700
8231.773
156.555
708.814
7217.000
53.694
1862.507
1.256
2449.727
1880.807
4962.056
9.363
5170.000
771.607
101.392
2692.000
1150.669
6454.826
1238.060
0.166
1517.302
3607.060
3500.000
2897.731
1574.987
55.955
4328.685
313.811
4265.547
11423.566
263.000
1062.868
12.343
67.918
3.138
3367.926
0.459
368.000
11776.768
604.656
10113.512
15.627
1019.778
7281.867
1.100
266.174
113.374
8060.000
128.360
142.731
1043.000
24.806
1135.906
7959.835
1351.998
1267.370
404.281
2703.921
393.789
2055.437
2065.000
2919.845
1291.526
7184.688
591.361
3377.153
337.115
644.725
2481.567
2902.947
778.806
159.095
135.987
22.746
1419.171
13807.743
6660.000
8.545
5655.069
3239.289
421.514
4366.769
10.734
748.582
1659.256
4056.980
60.568
176.701
1528.146
64.726
251.141
45.831
1022.528
89.786
25.661
6738.633
197.111
111.035
1237.720
4.172
9534.699
3064.000
2323.000
352.663
1707.000
1704.000
3786.150
51.600
0.052
830.503
6728.276
3258.060
0.038
4047.000
930.932
2824.334
249.635
3.389
5188.606
252.674
75.406
1716.692
513.635
101.138
331.369
24.620
0.475
3981.985
2249.000
2883.469
188.545
12120.231
36.303
7552.643
1220.407
419.980
443.408
4695.314
314.404
181.248
175.008
3.424
6476.194
6009.000
180.439
5861.000
203.271
5722.824
1279.987
37.783
699.305
1956.912
2346.000
894.867
144.383
1002.307
381.339
65.798
1867.301
833.000
316.269
5543.000
3089.129
2062.256
69.227
5257.000
215.958
2730.213
280.580
1508.973
6344.041
2422.000
3852.176
2549.871
155.902
1911.099
2253.000
1816.211
2316.036
13675.164
2839.570
399.060
3939.000
4007.293
65.034
4171.084
85.451
6.192
5915.252
1229.214
111.984
7095.000
59.297
6698.000
1194.870
6170.000
3182.851
2.630
546.190
932.000
87.589
326.556
2063.310
1500.424
55.412
7413.051
10.867
5927.096
213.201
3452.793
1585.169
2997.309
571.673
319.307
23.385
471.218
2037.071
88.965
4545.857
34.758
1.338
1070.521
5.000
812.274
3621.607
15.158
242.087
3765.059
727.925
2193.061
66.413
12.961
6080.816
3972.694
4851.000
632.757
309.849
503.058
182.088
4311.419
508.303
2362.000
2933.753
209.512
299.507
2003.645
10980.383
8848.549
136.373
0.025
5272.000
2940.055
1179.352
657.378
2.557
572.891
74.974
791.538
2384.000
568.066
79.491
6386.000
143.796
138.366
1107.176
3176.329
1.059
49.902
24.753
55.906
108.301
91.619
4480.372
442.163
1066.562
75.251
5052.000
677.088
149.821
26.661
7027.000
114.375
83.495
76.154
6747.651
2890.000
642.827
3362.084
2449.085
2753.848
150.571
2227.035
99.771
146.721
3456.000
3404.570
25.278
237.058
1582.511
1.701
0.454
1932.746
3.229
2863.708
126.744
12100.336
3736.995
9389.322
11.070
422.664
1.065
4882.062
10.037
56.521
88.443
0.202
3383.443
658.371
4734.559
2886.817
1376.645
50.602
5640.000
3691.565
1777.372
1665.448
2007.822
699.377
4525.901
42.776
2925.897
867.306
87.846
456.392
1970.095
691.874
421.464
0.002
675.272
5720.013
544.927
0.869
1990.774
749.107
5543.000
4997.377
54.758
7255.741
237.782
0.028
3043.444
316.184
35.456
4.771
1117.276
0.090
14245.428
3388.786
11930.681
70.479
7439.350
2948.533
0.989
2666.551
1162.971
1654.000
274.876
919.548
3620.062
1095.280
179.786
2383.612
454.846
286.923
1059.131
592.992
6233.891
815.443
1543.861
208.972
722.000
25.145
2866.330
732.822
1301.585
3374.656
443.224
107.390
441.550
1951.821
647.857
256.492
96.670
3166.255
24.765
10557.125
3960.279
791.528
496.519
57.703
2977.405
364.816
4347.000
1469.692
225.667
5602.991
4361.000
564.495
246.409
223.625
258.508
54.568
8634.430
3742.406
388.637
55.224
3613.720
5.156
57.920
2812.433
970.371
1269.651
96.434
161.672
49.995
3200.223
212.165
4192.698
0.358
651.456
4496.000
1148.779
8364.000
1326.007
103.242
10260.981
676.787
3226.705
4995.878
818.776
672.238
299.782
37.357
1345.214
417.528
41.101
44.681
2695.887
520.437
41.521
4.165
809.798
4342.636
4.875
5404.000
3936.928
3202.904
2226.595
61.984
707.649
52.997
780.560
643.852
41.879
354.543
12377.000
14.835
2.189
4549.725
1.901
442.708
4510.106
4765.409
3908.973
43.109
323.322
12195.950
135.434
5399.533
4.537
5833.000
37.790
3637.332
2475.991
63.091
2108.000
276.171
779.667
238.414
4591.092
36.793
11363.687
4378.000
4.943
8141.000
5699.120
3982.316
1292.659
1393.370
1627.962
5704.978
490.319
2349.338
120.754
837.236
0.033
4613.501
0.057
1259.000
1584.000
699.560
2914.000
665.906
6477.241
726.992
369.999
7098.695
0.039
11260.548
181.345
8758.000
743.000
122.921
10533.000
3048.440
610.585
3922.000
4159.419
4093.841
57.458
478.426
575.179
429.447
21.927
1582.985
320.757
149.735
44.013
3.105
3562.842
2617.830
4753.885
1681.584
1.354
97.071
22.469
11083.156
2975.353
1901.251
564.847
12.622
926.787
1185.066
5843.814
4060.000
501.207
3279.859
2886.688
1100.675
408.495
1932.608
1345.000
4871.000
717.532
10284.569
919.915
5550.079
36.811
2193.953
673.303
109.000
93.940
870.854
132.721
4620.323
75.820
0.000
266.094
795.259
1972.583
38.801
257.706
56.057
1257.837
293.352
7169.000
466.371
101.199
5773.428
21.157
1097.754
2102.435
1029.010
291.901
112.095
3368.689
6.619
64.692
4753.869
1849.019
519.652
271.656
1812.000
2660.166
1882.832
39.984
2004.943
642.525
6531.456
3641.627
517.077
8701.202
107.134
1158.532
262.723
1251.495
1102.000
8799.933
1206.893
3882.000
2511.594
1885.248
357.357
9352.000
1146.180
8294.000
4766.416
4142.000
4629.580
0.390
2195.617
1892.000
376.499
308.695
3.145
2824.000
1083.216
1110.638
76.245
1350.641
17.847
2816.783
32.582
60.952
4730.801
978.926
2767.722
109.097
137.832
6131.000
2401.332
5022.000
100.609
198.941
592.276
2164.984
2615.532
1884.000
7802.000
0.144
4.824
6913.827
21.000
792.317
6980.000
319.134
2329.000
5168.497
802.425
1422.802
6699.917
482.000
103.267
3597.439
3155.067
4490.000
3286.434
207.707
99.369
7204.884
409.418
4025.548
0.711
455.420
3489.588
41.817
56.112
91.479
2957.000
2700.864
62.899
1998.013
3044.583
6626.226
2699.294
7045.013
3889.187
0.046
481.703
793.931
6142.167
81.150
1140.739
225.352
2928.000
5434.468
329.764
2295.815
0.108
693.865
305.877
10304.000
196.381
4370.226
1.862
1481.429
5.710
7271.000
1969.803
31.349
691.477
2868.270
213.203
697.806
3.631
5011.766
744.772
41.672
2206.597
2704.324
166.687
1897.745
1649.818
4943.468
833.194
48.489
3666.719
1306.000
47.310
16.837
4120.016
80.415
2953.700
3782.562
910.357
644.534
1105.000
20.634
580.380
2699.185
364.723
2265.375
1585.000
7710.829
5133.426
610.294
6.595
3971.000
788.193
5.995
0.548
1362.000
322.729
1851.070
30.569
1270.944
2930.814
1871.481
33.798
2398.000
5.092
1159.421
1740.651
6578.967
2530.866
65.710
247.094
3058.187
248.639
0.726
8891.295
242.618
61.851
6365.862
120.034
2213.000
5592.555
1899.000
105.563
6220.853
1916.000
10.867
5943.000
4062.261
674.273
243.947
6427.810
65.730
1123.657
91.000
300.000
136.405
9.168
13.355
193.945
368.087
61.928
5885.231
4.504
5.991
2878.234
604.954
2197.000
5846.672
1033.789
1318.045
1919.275
932.934
829.704
2052.922
146.977
438.130
5568.000
782.625
2209.511
2922.316
3000.602
9.183
1213.881
189.828
3783.847
5878.371
62.369
4935.838
5467.770
2166.763
2562.454
2362.603
5608.562
8.748
1470.677
24.535
7606.000
2008.771
369.900
0.780
6350.000
239.731
2707.159
2021.000
458.866
24.493
427.842
4036.861
59.720
306.826
5872.166
1589.000
2090.312
1398.882
884.873
2702.286
14.289
1572.762
2664.236
1155.000
3.142
6470.337
3607.000
3633.596
173.065
131.497
10109.931
7347.940
0.046
1025.247
55.481
1065.133
372.652
349.746
1979.027
438.644
5617.000
2.986
1797.491
320.150
2606.067
1036.713
8509.851
138.209
1.869
9460.298
1574.553
8470.067
802.594
33.566
11220.614
53.688
1100.511
10628.872
32.639
4629.864
1597.974
2.047
1789.308
364.418
85.627
92.170
1648.199
4.698
1517.500
8457.771
34.515
0.185
903.620
1.515
3107.000
3340.928
1760.177
2660.740
3083.863
8.100
2058.562
4099.476
78.560
856.665
4004.447
197.085
7613.087
2014.302
197.272
18.862
6055.009
2237.777
2779.601
4.081
512.034
1433.000
1079.000
116.948
2381.039
7.998
1862.287
3490.071
108.020
2188.188
1250.980
1340.510
22.456
228.176
1867.894
283.647
30.075
67.715
4778.481
6244.434
534.381
174.622
3241.920
2470.119
5882.353
4381.045
901.256
73.296
94.902
33.611
6289.462
2647.362
1050.153
196.108
6601.603
4229.375
3770.000
3034.127
265.482
83.174
888.218
17.562
463.814
848.604
282.500
9863.790
1251.871
1013.952
877.000
318.694
4.504
290.629
6068.460
4298.000
1873.952
899.065
1629.389
1.958
5888.888
7.795
47.788
12024.626
2379.879
69.946
1717.088
158.031
1380.000
2689.422
1616.416
1895.764
44.135
512.309
32.382
74.109
132.134
0.335
249.473
383.169
8.226
19.201
1726.219
10509.377
27.286
83.579
67.962
10.868
237.380
3131.116
3226.601
559.826
2230.593
109.600
11.262
2472.406
146.444
173.000
172.056
3082.000
558.000
1707.000
18.457
290.343
954.372
5359.766
6225.636
3321.710
430.266
81.914
7072.000
1230.140
80.177
6756.597
1906.953
16.314
345.556
2299.880
10.512
512.346
357.905
13081.380
0.353
5278.326
2.107
9895.000
5658.000
475.668
140.360
12.663
3.043
797.785
11356.564
4178.933
8009.703
1881.459
525.103
2946.862
4541.000
171.726
905.066
4161.360
7069.751
51.432
1264.980
6130.000
199.188
1032.258
15.016
1028.568
774.432
20.617
2164.126
882.622
4097.442
813.300
4330.000
1395.000
2077.252
12.120
3576.000
1071.902
226.549
10922.661
35.023
2817.007
197.836
8599.000
28.609
460.812
451.143
6809.668
2728.534
3399.287
835.241
126.465
60.150
167.972
1982.762
3998.363
1470.152
142.333
1405.771
661.322
6486.056
313.875
6025.965
436.906
5469.098
89.026
280.720
6247.959
22.869
2.267
271.829
1556.247
207.477
35.974
3.962
13721.546
5.592
433.354
1273.355
5504.736
64.258
5398.214
743.210
4367.348
28.032
4946.646
9.607
1434.000
2772.689
173.849
8932.451
2150.663
0.286
1.246
0.320
1164.725
387.723
1302.927
4777.362
2858.000
646.214
3.376
286.595
1703.653
7981.313
10.904
8.568
6366.811
13.234
3864.196
141.711
6167.000
116.434
819.836
1885.720
119.462
4701.608
4375.000
1507.196
947.471
496.593
258.482
4458.173
206.721
1.306
992.505
282.668
3313.653
168.409
1111.000
1225.068
108.828
1.877
8743.053
7702.874
1131.305
872.000
79.322
1056.000
1215.000
1212.000
1037.526
283.139
955.888
4109.099
2606.230
4027.888
623.008
1648.295
3495.000
981.375
45.628
5534.877
2.369
5348.715
1003.697
138.598
4228.966
830.434
194.705
1240.148
797.629
509.467
76.176
2684.090
5641.000
441.426
2075.888
292.488
2236.392
77.941
1284.740
148.508
11276.333
693.276
4039.000
3962.367
601.644
153.151
783.533
51.482
2815.983
3302.381
3976.246
258.840
284.938
743.754
683.640
0.003
2171.597
25.112
112.510
1588.370
10748.707
1421.000
12.642
7187.000
12.817
447.000
165.512
6835.579
244.013
1.835
773.219
276.232
5227.601
2194.461
3619.729
4194.433
2450.309
27.116
315.130
2112.313
48.599
2485.125
6326.130
1163.000
1822.817
2399.384
1930.884
490.763
49.063
9701.000
1247.290
55.415
1974.000
8482.505
216.768
11.895
2026.000
990.361
814.460
13.886
2542.000
1957.000
1737.000
926.363
0.097
89.508
1353.477
392.000
187.677
12415.125
12090.032
4.804
343.637
4423.872
3435.520
1358.048
3428.474
43.121
5470.656
59.158
1240.559
389.921
11.754
216.375
42.104
277.762
406.501
3997.139
3509.703
1726.517
4314.938
34.821
6818.232
286.439
3747.749
3434.103
154.754
1658.478
761.182
1236.851
1263.999
1744.641
1592.835
5146.000
1051.447
390.167
163.088
383.959
217.432
1684.424
24.949
46.769
2917.113
3.245
2785.191
232.379
706.699
11023.933
91.663
275.983
0.351
8103.267
214.862
61.199
7766.588
4098.603
1543.206
340.606
197.338
1349.000
1941.840
1813.539
3690.850
0.444
5.972
163.231
3780.251
2317.000
3445.507
576.194
0.193
209.004
10660.837
2744.000
11.458
1764.768
6678.636
2279.748
78.052
40.674
10081.262
638.952
4068.000
439.422
2239.006
75.339
9745.580
164.070
8225.797
465.534
1033.076
368.283
828.764
4247.000
838.830
7118.783
940.993
444.759
951.000
603.371
146.686
2970.569
1235.164
2.283
314.303
117.349
1000.862
6278.770
52.623
132.274
2823.576
1975.879
357.961
10334.696
0.039
351.395
19.848
6199.000
475.291
189.008
611.858
51.853
4606.774
18.910
14.971
9.073
4549.000
3632.000
2226.503
35.708
5543.912
20.496
3183.000
3777.429
947.922
4500.747
4286.856
2130.000
61.990
1379.231
841.778
236.305
2.364
1565.309
14567.086
6427.159
1402.643
482.262
7407.833
146.851
801.715
222.729
797.116
1.633
242.113
362.674
4278.000
3776.620
421.924
3989.051
458.189
1988.820
7381.471
0.050
3313.480
7.750
158.396
3360.865
81.000
609.825
7179.990
0.017
274.152
1867.215
2562.651
138.164
1783.521
19.170
745.000
707.594
134.034
1696.395
33.000
1017.000
4634.490
70.228
3489.588
62.222
3499.140
1293.000
2825.803
2317.840
366.193
3113.373
360.793
8.775
356.703
967.937
15.456
1556.377
8035.290
18.399
59.423
4905.805
3815.000
1865.152
290.359
770.989
158.630
823.586
600.428
73.680
2606.155
1686.000
137.935
12526.000
1731.411
3614.000
1682.683
1432.000
2285.352
35.291
981.388
4072.249
3635.155
870.131
4402.176
532.449
9537.485
8.774
1583.625
189.000
7006.934
4515.616
2727.300
1993.995
2631.456
241.694
4236.788
1561.975
4351.759
0.235
4580.067
1621.887
1336.913
58.925
121.452
173.787
506.000
3.188
6559.000
10.950
2.882
386.896
136.729
918.145
59.842
5037.278
1220.000
1554.174
51.939
5932.296
2493.975
267.641
92.000
2648.343
228.975
742.149
14542.924
642.598
7713.708
1138.920
57.569
113.277
8091.100
31.394
4268.780
1277.083
539.000
14.590
1723.221
346.547
274.204
2444.000
981.752
907.341
13.216
1644.307
123.000
110.644
467.337
8590.111
22.130
234.702
12364.411
363.000
2384.219
10129.853
10.164
4283.000
4092.174
3238.000
211.600
413.089
25.955
473.063
5729.823
1045.025
2877.000
6112.357
182.612
97.240
7898.000
4404.457
2479.188
6646.907
725.513
1528.067
1452.919
1626.822
790.471
1268.324
3933.135
708.781
103.700
907.360
2933.627
221.282
5847.000
1558.000
134.343
4277.370
440.572
2308.546
93.464
1692.812
98.523
669.356
2273.047
159.435
477.211
9260.588
8438.514
1068.317
226.881
2.578
93.597
1433.504
149.000
347.357
121.450
4881.347
7072.127
2079.604
386.474
890.413
3839.548
13105.121
1014.639
94.611
680.132
185.341
1370.182
482.269
87.363
4280.777
5815.559
2608.696
2.518
28.694
0.064
2324.234
2032.542
216.889
8890.451
24.953
81.032
2104.388
7710.170
2049.323
34.101
11467.000
67.073
11367.218
4575.062
1574.005
3563.000
1579.114
2618.220
3801.712
24.851
1859.875
1477.000
1499.081
1731.274
47.743
652.770
8784.915
3820.713
165.423
700.674
252.887
4795.332
189.133
4647.251
1178.763
9.206
784.378
1.431
9150.841
7.331
7725.461
807.396
160.061
7404.934
11.436
565.957
1015.207
12.521
195.832
59.441
5264.762
4187.000
10.804
2359.000
238.924
10891.858
495.020
1241.733
150.969
23.152
23.696
1039.214
4585.854
24.839
8.509
1211.186
295.255
1301.938
3.146
5009.991
1725.278
165.960
2636.542
924.211
4.735
983.441
10621.433
1.267
143.459
543.686
154.097
419.039
1195.892
4549.721
227.750
3150.134
643.695
9755.371
5356.148
1547.500
2033.000
516.646
1669.634
3786.341
79.562
200.718
554.897
605.261
66.750
1762.487
712.357
65.823
6735.377
94.329
9976.161
7147.151
2599.694
640.610
1101.254
5341.130
1075.499
370.375
1228.373
704.238
1843.150
4875.000
488.226
2406.000
391.871
2.550
15.600
5509.874
8001.925
3079.421
469.571
2018.252
3.792
307.684
433.953
650.615
153.000
516.479
4708.000
1622.705
16.676
61.999
489.140
3598.842
294.128
3288.000
1794.000
379.850
972.307
3404.601
943.558
7991.398
561.609
1494.002
360.741
2.150
5299.540
1249.227
5049.482
54.771
7316.000
3541.358
6124.000
3970.000
1675.000
2146.159
2012.347
4008.000
2943.912
294.302
5466.655
2967.955
1027.936
27.000
274.691
2074.150
260.066
3023.483
3.246
1327.776
385.865
1382.084
1805.000
2092.627
649.705
1340.738
142.545
0.004
165.596
11375.000
9706.000
2692.938
679.702
0.004
299.684
2095.621
52.597
166.330
697.378
9.042
169.585
1710.000
2340.870
8462.737
388.834
4195.300
435.703
114.182
5.088
8249.000
531.306
4931.372
2927.600
3331.167
6824.582
126.459
4404.134
1003.000
976.182
2255.250
988.000
191.083
234.355
141.877
1121.665
6560.030
3817.821
27.287
1028.599
48.634
8596.261
5935.000
486.018
405.364
10734.604
3306.854
345.921
9833.160
679.823
108.429
15.304
6713.572
2197.531
2326.378
673.796
6328.125
2131.000
355.556
1418.989
3548.656
1143.591
994.000
2827.618
5171.719
546.241
1443.923
1073.029
156.951
37.986
3776.116
1011.123
1184.968
1227.000
151.365
2272.846
187.180
3185.000
4626.085
1123.000
1980.204
10.701
4.712
397.722
8970.853
5601.911
2429.958
8.484
41.411
356.569
373.717
4966.000
71.789
49.307
8909.000
23.453
4291.912
3.444
5919.000
5593.600
2519.400
3071.000
2.413
2348.500
189.000
387.380
3558.213
56.331
1536.940
11312.693
299.000
1201.000
2527.286
0.531
9595.908
1082.852
5393.000
1009.561
5627.446
1.081
692.792
9.131
6205.988
2966.922
66.113
367.509
968.478
2571.434
4763.000
740.084
9504.000
0.950
6483.000
88.159
5778.269
3271.006
253.000
5077.381
4866.822
3417.031
715.854
4607.808
2789.228
2741.974
384.058
1457.849
927.839
24.412
1.320
2853.331
1552.193
365.295
6494.000
214.232
923.132
2556.296
412.292
6147.000
197.023
485.482
4656.000
288.754
47.374
4316.501
385.000
368.966
8852.296
6366.999
1193.387
1353.661
821.000
1252.105
7.533
849.372
5.393
47.801
207.254
1182.229
1.552
8644.477
3266.048
910.550
1834.848
564.000
1729.000
347.074
1399.000
3369.007
191.275
11202.576
5533.025
16.698
3919.000
183.433
9025.878
0.550
7047.675
2859.258
1436.210
5613.000
2870.735
2957.000
925.725
3208.116
7.408
1574.358
4619.000
155.988
3931.003
631.000
5280.366
429.835
780.261
74.164
1551.000
316.000
266.236
459.164
710.000
354.935
11133.531
10276.624
122.009
525.801
9909.087
8061.000
1035.754
124.924
6016.288
4277.609
305.401
747.373
17.399
2740.000
58.550
4540.690
0.286
439.157
287.936
83.211
0.003
806.029
39.043
4145.860
3063.802
2425.369
7988.697
3000.000
6041.136
89.591
184.941
3681.000
4699.000
7.061
361.761
142.913
787.684
149.100
0.000
156.676
5316.000
4043.855
3933.903
1903.563
475.110
557.513
1508.695
24.727
329.338
154.546
4.717
27.347
660.905
13.717
6276.077
962.274
48.550
303.878
109.370
246.379
1118.509
4431.081
962.810
2023.667
271.352
570.065
15.017
1458.981
264.543
1785.195
498.124
5825.639
186.198
4566.875
308.000
271.007
650.377
2450.000
2626.964
51.356
1995.010
10912.329
1203.000
83.665
1346.006
3163.458
3771.000
1393.000
598.000
1148.762
170.779
4753.230
110.079
251.003
3588.263
600.576
8241.270
37.984
1232.452
5801.000
168.668
2365.197
128.032
992.000
3627.363
20.938
8845.000
290.153
91.569
8230.076
0.004
60.000
172.788
375.734
25.000
26.386
3317.178
714.017
102.477
459.000
1087.726
1369.482
5.226
615.363
608.000
11.147
4980.000
188.352
652.573
258.797
123.204
942.792
36.695
8715.945
66.269
123.856
250.094
547.375
7091.723
6664.900
3433.480
436.791
1314.322
3223.000
0.137
2199.474
858.955
92.254
2091.000
1650.268
152.223
60.199
3249.721
3.832
411.000
176.716
345.784
5.490
224.396
4322.906
450.166
4362.183
26.856
195.722
231.701
7464.000
1367.207
737.528
3935.602
30.511
1541.541
451.750
52.615
2674.960
3164.000
1940.000
2.635
1360.161
1428.164
0.428
2.076
12044.168
8882.000
7697.376
5377.000
1360.801
634.515
4620.189
1960.329
1844.012
871.229
205.598
2879.587
100.142
3158.875
1414.768
78.433
4538.431
966.467
157.377
60.072
454.541
2741.822
4.470
580.000
2266.314
937.629
1437.149
305.709
144.943
4328.000
134.105
1.830
5014.000
2971.600
1388.000
360.122
1058.000
381.746
108.571
261.492
2939.314
298.216
1325.350
361.749
7.121
692.736
60.162
8.026
694.692
499.188
2312.489
268.860
55.751
6728.068
3202.037
542.818
4388.182
108.025
8321.864
56.220
289.705
11.880
1204.078
850.000
623.381
3596.000
574.640
1753.000
1603.783
30.929
766.296
503.253
490.371
1000.198
1974.550
3378.942
227.421
1913.084
11270.000
802.000
1349.601
242.135
1721.959
7280.911
401.195
6740.780
328.029
32.102
11786.303
6518.179
2895.032
0.234
48.044
4424.020
320.473
1098.971
3019.875
2531.637
175.995
6098.588
951.183
1348.699
396.205
8066.334
5154.350
2238.810
161.963
7152.149
4575.425
196.834
0.025
11.759
618.714
6846.629
2722.000
2376.705
73.420
1592.492
985.829
523.112
872.895
309.000
3.293
3600.681
665.654
5034.336
3772.526
30.697
7919.751
5056.966
106.683
2903.004
1925.888
2550.003
974.647
1094.340
1250.892
4245.411
4830.465
224.000
0.934
19.670
31.106
7480.099
1126.256
42.196
553.436
198.492
2032.353
1799.160
64.588
7270.478
2883.258
227.644
221.000
677.688
36.693
3422.764
72.894
1174.497
300.866
2.780
179.741
7431.000
1184.245
554.708
4033.000
192.493
0.252
91.768
139.552
8601.000
1154.011
5774.000
351.197
342.761
4036.000
2.530
4472.853
181.810
3443.879
861.030
379.426
941.387
7031.037
3.733
240.548
240.452
0.057
4829.978
930.000
116.487
14.859
5826.000
4159.960
2856.231
1038.036
255.000
95.691
4219.963
504.431
136.092
9664.857
1818.223
680.696
1.142
1271.000
865.776
573.988
11421.564
3311.499
10.058
137.589
444.029
60.000
3203.095
4921.762
97.449
16.644
413.042
11293.796
403.400
347.000
211.843
22.285
724.655
132.145
2840.000
224.789
765.546
429.161
5.031
51.091
3783.121
0.117
307.740
1275.963
43.617
303.714
214.527
1642.544
4.877
130.522
2256.000
2825.000
5227.338
4293.564
8379.896
2314.310
1846.118
8.482
4268.000
810.239
10445.000
2018.370
10.926
1381.759
26.126
9567.000
5896.060
1375.000
441.339
1096.808
7681.892
0.952
477.000
607.853
1656.000
1392.000
590.000
111.914
469.761
4203.473
3337.424
1045.544
5078.000
4690.681
417.686
85.988
9193.714
2049.692
2225.000
2241.429
6285.615
9.053
66.345
0.110
5714.564
2239.629
627.404
35.041
3819.591
652.188
1748.882
155.121
3522.406
2824.125
1175.681
1673.624
40.487
2753.703
524.567
1090.513
8215.911
1040.281
1346.850
555.584
311.201
4497.887
659.262
1745.532
979.390
841.571
623.188
8582.170
630.138
243.972
127.487
36.593
888.549
7187.364
2988.000
112.573
1673.839
247.589
12409.006
10169.350
875.891
1175.000
1463.250
1384.829
413.857
9161.919
4256.000
9.306
758.123
2347.000
87.821
2358.518
2740.834
729.630
9029.000
39.540
60.012
1409.055
206.606
282.685
97.000
0.360
5007.000
2507.060
3865.392
1356.348
148.746
388.047
5179.417
736.104
0.735
3272.000
1268.145
2741.450
943.952
10647.390
6.273
9070.097
2620.755
8.591
10724.000
1489.000
3428.388
87.919
8538.396
535.602
912.639
2024.362
7693.602
467.740
7033.000
183.289
2302.582
6799.495
0.291
493.630
21.055
7095.346
10.697
1890.791
1996.219
147.832
459.381
235.326
47.297
46.705
395.008
113.977
2752.637
2.688
552.260
2280.306
73.371
6512.564
316.634
2259.463
1678.746
903.408
41.812
160.880
707.504
5744.028
122.251
7568.266
1869.501
3347.679
32.405
950.099
283.294
8429.883
6407.580
2291.696
214.735
1022.789
5613.000
121.259
1610.617
1041.232
1827.036
788.162
1117.000
1886.166
3182.382
1763.510
694.892
1916.084
68.392
380.000
121.490
46.859
2397.367
564.189
4.171
32.121
5763.027
4494.000
104.355
623.000
52.968
0.059
316.474
409.385
1982.441
1908.266
5757.979
44.907
669.222
496.025
74.510
1760.109
1123.553
827.253
1867.292
2191.348
2214.714
12.491
119.101
5042.822
123.000
643.569
4356.285
15.436
917.076
4657.821
1159.895
1599.985
171.676
2185.743
0.676
2516.670
68.599
1008.336
2223.000
1365.076
1.240
248.666
10003.525
3066.000
594.863
184.179
875.096
3428.065
447.165
1418.529
437.738
19.441
1568.399
9618.257
1918.811
605.627
0.142
115.844
686.722
0.764
7542.000
5185.961
355.000
6618.257
2643.189
20.797
141.582
890.463
8.005
4741.144
91.024
64.549
64.264
10090.744
700.670
1761.899
3404.055
582.053
153.025
2205.964
982.239
109.864
575.770
64.552
92.468
4767.519
642.368
6022.739
1064.580
18.148
9232.663
1660.000
692.467
419.918
3214.750
9.078
1442.189
363.642
5308.289
966.882
171.000
1.647
4710.558
520.364
90.341
261.196
87.908
14420.687
0.056
1413.798
8133.975
5094.000
1201.365
1369.019
666.886
14.045
9.708
654.000
2624.006
2168.681
583.592
1000.693
89.034
706.372
3011.756
3636.679
1374.769
0.620
733.743
317.914
49.244
2881.144
5816.004
3866.325
168.518
2543.000
1479.984
144.039
67.358
2939.642
12596.074
8156.391
2647.000
2077.078
5.668
5890.971
651.119
46.877
309.372
996.598
273.838
18.790
4.592
1122.083
29.638
1177.000
7436.468
1240.289
265.182
1576.064
762.857
37.205
0.142
2254.972
65.328
1809.716
714.000
1372.467
5100.981
0.057
3496.965
4.221
63.374
144.046
89.877
142.978
16.222
2600.000
793.351
1482.000
2203.000
1291.861
14.003
5675.014
1481.935
862.407
4137.236
3355.000
1080.700
107.211
183.369
666.652
15368.692
13785.336
10.255
1144.000
7.655
12370.781
98.041
8115.000
4378.011
1100.004
229.787
51.645
1709.839
96.802
10.507
2749.000
240.000
51.107
1886.487
7605.626
723.329
861.000
3.935
6046.000
354.740
3165.899
1408.931
173.733
97.005
7658.479
6241.892
2296.386
3493.774
1070.024
1755.423
343.922
1541.088
3066.368
5611.373
2683.051
298.117
1093.000
2725.837
1304.919
7622.000
1.912
2659.428
267.759
7509.255
0.032
1203.541
2325.869
1065.433
933.000
54.070
121.846
6134.027
2.310
92.243
2.523
10.384
1074.778
3637.444
3036.653
1725.427
43.512
485.620
7547.923
997.200
3151.215
94.257
2477.043
9.343
0.033
23.935
904.305
359.640
321.432
2422.347
6925.129
2591.099
3526.893
1462.544
1307.782
1521.022
0.465
4539.375
0.040
1575.000
47.838
9224.583
4.423
138.791
368.000
7240.409
1778.041
11.218
5774.419
7128.030
117.663
166.510
5203.000
2541.267
5882.983
1984.403
6505.000
325.851
697.648
54.110
559.000
110.804
35.407
3099.371
1920.118
13.100
381.318
5442.448
15.408
25.290
261.960
2796.467
91.855
1184.978
1298.624
12278.000
7207.334
697.735
0.003
3915.411
7901.045
2557.000
4335.832
145.719
419.005
39.715
1182.285
117.478
68.562
2113.442
42.480
6291.000
448.867
170.236
3663.000
1451.000
4.805
666.000
137.813
1455.000
1666.222
317.508
2013.275
6026.000
667.113
105.809
880.210
12545.000
200.383
10941.782
4960.133
29.651
982.890
25.911
1.877
159.726
8339.616
5496.617
2720.526
2470.499
973.320
5152.931
1773.252
218.139
4271.513
25.572
1157.945
0.022
857.564
2039.504
58.191
1326.000
1953.424
5404.770
54.956
2783.956
1651.348
2698.000
2215.647
3730.073
4122.965
284.477
80.696
37.940
37.202
5033.000
1286.891
2477.296
247.265
867.355
6428.556
3356.279
2390.000
2646.538
4846.168
550.382
1525.427
873.769
16.940
6377.546
155.861
6034.204
1300.563
3884.233
332.825
13.917
10.637
1327.695
46.990
1815.000
562.039
43.096
2892.000
139.733
90.760
1176.995
0.155
320.153
9.946
3331.501
2172.024
17.589
162.325
234.184
605.155
30.904
3392.925
2344.649
206.308
408.241
3731.000
0.297
39.992
3299.000
421.285
9267.677
4455.645
263.095
1128.171
7.837
303.818
29.177
7157.000
774.127
1073.000
1858.103
6609.711
11.904
3156.965
20.678
4764.000
752.193
4100.840
3.310
395.583
3589.255
2186.638
334.983
2469.836
1641.479
1.690
6076.498
2852.750
9.594
438.930
518.120
1.629
10581.238
6281.236
8.422
2611.349
111.134
1551.746
362.687
4752.693
316.000
4256.010
1791.143
20.155
870.915
207.890
5510.309
97.363
1772.310
16.938
129.421
312.792
881.120
36.805
9.571
298.772
7334.114
542.129
5345.756
102.713
39.878
1801.169
1131.118
2078.000
709.730
12.985
924.913
1490.697
392.428
7.849
4175.713
2891.423
80.272
1350.783
950.000
2962.112
2727.718
1718.040
6108.610
4185.599
17.546
323.704
998.738
0.237
34.618
3008.577
1412.556
268.035
14.282
2.189
2022.680
102.127
1702.137
12263.619
6391.626
2096.377
3845.157
759.652
4206.000
321.581
7.323
96.777
1150.716
2920.496
2892.000
0.154
1737.829
1.194
5031.866
584.000
4376.000
269.019
32.050
139.559
1237.000
1010.565
6996.694
14.453
1912.144
10678.226
7292.578
124.066
4358.000
4.762
351.911
211.131
1175.887
1206.307
845.000
3385.000
5949.384
153.674
207.770
7540.000
1283.597
7503.045
5506.988
580.000
3274.000
2129.000
2858.661
99.378
6.827
3596.943
446.645
2721.743
465.000
657.000
2.150
165.993
31.390
3011.000
186.068
7286.568
722.000
88.493
1239.018
96.194
1452.655
348.651
654.920
18.243
6297.403
2753.341
751.548
4852.601
799.351
2909.561
993.664
235.241
3106.227
2345.000
1091.684
2188.008
1940.423
8045.130
1.319
196.867
2.299
1193.741
235.515
1605.994
5096.000
966.168
316.814
7532.313
3210.409
1058.011
338.596
5963.215
435.222
19.322
23.924
871.085
19.851
112.109
1436.149
306.537
232.625
119.171
639.935
2150.031
81.868
7464.895
2281.077
5858.323
3105.000
1.014
3107.702
146.428
1167.371
5.199
2320.494
2674.000
51.245
1180.060
5901.812
83.144
2474.048
224.968
3095.165
5872.848
500.526
1480.313
50.505
1455.000
12157.612
5584.781
141.513
2082.715
4466.608
454.822
939.413
7009.000
4460.675
85.472
6625.000
4057.767
3912.556
3877.523
24.704
93.293
2262.351
8150.620
460.092
1191.254
702.578
6485.417
465.491
5696.000
68.496
128.022
602.000
198.823
69.659
1423.307
3852.030
7.025
6959.059
1183.623
80.399
2520.000
22.195
1894.936
23.273
318.025
41.487
153.765
97.188
31.669
5468.143
192.420
3898.000
140.939
3839.821
10059.381
38.708
2815.384
1017.465
15.209
442.146
77.711
4587.000
76.121
1554.000
3994.778
2215.549
2935.632
121.025
2750.000
1020.227
112.692
5.265
455.983
1644.592
5919.032
918.375
109.766
188.415
8545.022
487.498
7679.103
556.110
957.000
515.957
1816.648
6352.727
374.776
1465.292
433.503
626.193
3159.336
5599.999
47.638
2595.368
6079.000
1235.457
70.791
1783.821
101.240
3285.402
2625.496
2832.573
3420.513
5907.000
2307.263
317.854
5337.445
113.258
4655.828
2756.962
4177.411
3297.628
0.301
107.720
1793.376
2223.362
2.204
1501.298
48.536
2018.974
48.990
102.110
4969.527
36.236
261.659
470.107
1802.570
102.814
415.088
6855.265
1001.000
855.695
3375.641
945.817
3077.727
579.097
1.851
5197.287
2034.187
1817.564
18.224
353.809
12008.846
1157.933
15.397
181.537
77.951
6638.086
3161.000
2132.037
0.020
281.968
3534.788
123.046
1034.000
44.073
183.000
13.659
5552.972
2139.721
421.340
4147.401
128.842
81.952
455.000
1366.000
4534.000
2.866
73.048
65.031
894.000
3701.216
1405.128
3070.183
19.850
1405.812
273.557
462.202
103.270
1281.079
244.612
17.709
275.006
12028.732
409.719
1307.302
2245.909
233.714
2247.091
89.745
4353.487
170.084
1592.000
1277.000
3.391
574.878
5.620
8732.000
162.992
306.328
125.569
10680.335
28.633
2249.000
239.000
4159.033
1670.563
4654.966
271.645
530.581
26.586
1980.605
64.349
5754.755
1982.275
2893.343
169.624
1546.000
2899.728
3314.660
3380.665
2944.398
791.223
129.437
2751.193
1437.966
1127.000
4997.564
77.192
94.470
1288.252
45.709
156.947
9957.088
30.380
2650.250
2.685
0.743
1892.000
52.611
3031.726
1750.994
57.617
131.623
1920.461
390.959
91.289
3742.657
1939.887
2636.000
1385.403
0.024
3590.913
76.675
34.558
10558.192
2226.054
9849.000
102.737
23.165
76.486
3711.406
4479.000
907.200
273.076
1.060
12.403
10451.757
79.057
783.700
5529.980
258.592
530.856
918.573
6.443
14.044
952.633
272.479
6240.919
319.916
1540.000
660.303
5455.482
60.499
2699.377
1061.819
1028.474
3835.422
1204.653
228.503
831.081
10278.920
334.585
185.063
0.334
1395.000
1244.306
28.385
7109.000
6643.868
840.795
4274.354
923.115
3103.033
5516.503
2764.256
1853.458
156.714
0.946
168.663
2274.928
3206.000
4120.000
1972.864
133.915
40.309
1019.909
615.934
0.526
723.565
101.632
3291.120
39.500
4222.000
2140.938
1122.000
1846.344
3127.483
322.951
792.000
10.132
1191.451
11331.789
4074.000
125.660
687.433
26.407
1579.000
256.000
407.835
4451.681
10.352
310.907
665.000
1670.244
8970.051
7864.000
5433.000
65.008
6843.451
10.112
2712.429
12.325
5701.634
1707.847
583.833
354.411
3866.234
315.818
341.219
5570.057
1448.000
1404.512
4930.000
1409.966
1640.000
115.188
3474.938
2396.396
398.310
1324.993
4308.904
235.200
123.143
133.048
1829.488
47.891
993.996
332.306
4937.000
268.181
4001.992
3341.000
890.221
2271.000
53.480
4520.814
1147.865
17.841
585.902
461.219
2272.000
630.683
5956.353
4235.059
429.256
5947.000
778.000
5291.154
3264.000
90.765
1695.077
3891.999
2348.029
7.425
2081.851
3247.111
2262.605
5300.249
336.440
189.292
193.418
909.492
5701.435
1833.841
2444.827
2919.000
42.086
24.468
2239.143
2532.696
222.181
5118.000
64.093
501.000
66.663
556.418
200.925
682.622
7482.349
1162.282
0.321
349.664
0.591
6325.222
5319.307
306.339
50.916
340.703
7.318
54.145
329.638
7278.064
1129.023
607.201
1813.850
3.693
2790.398
229.567
6785.000
1861.000
0.084
106.413
534.923
28.823
62.788
8453.000
3071.000
529.762
2382.620
347.941
411.699
1146.000
835.165
55.348
134.432
1324.071
1085.036
318.548
51.926
9038.016
1767.203
1930.000
680.503
2807.741
6.943
24.354
4662.268
2795.227
85.265
6482.361
3150.673
2.469
2498.000
332.000
304.208
1735.947
5951.864
2635.403
172.271
1674.424
1994.571
346.200
4399.710
2635.179
273.769
1785.119
704.046
1701.407
181.396
3945.486
486.533
469.682
10132.051
1362.502
9432.461
3518.607
709.000
1586.255
4732.123
1089.879
1716.460
166.449
1663.277
211.970
2133.029
487.559
1062.790
219.117
3109.515
120.839
0.392
52.523
1.126
2304.000
5.117
252.154
402.958
9639.182
602.000
143.914
7602.053
1734.000
617.000
4801.678
260.077
80.314
27.594
1516.533
56.856
4.024
1005.679
5447.111
0.468
94.378
4609.000
64.339
1957.042
274.916
5015.574
4788.066
2056.580
4687.958
2409.000
163.691
1753.377
3672.289
2086.546
402.937
316.975
102.447
187.062
33.787
2376.003
2123.110
0.059
480.000
5366.719
3750.650
0.071
43.931
7517.000
6155.009
6476.072
103.137
48.409
8057.000
5734.890
1751.134
355.947
5340.176
150.335
6504.320
1090.000
667.719
17.547
3888.000
732.589
6516.633
502.729
31.560
431.934
105.879
1031.400
2430.452
2249.064
84.255
12149.648
7646.369
4549.402
914.309
6973.456
1617.012
241.186
9.355
1905.413
139.150
9.463
861.109
131.605
10458.678
2574.486
91.080
7691.503
2708.196
1581.433
617.109
7.074
960.213
2761.000
1259.770
12.801
430.135
10.025
199.276
78.002
165.349
2595.658
641.346
1638.000
1963.821
2511.858
101.327
11259.044
4570.468
30.292
419.000
1182.299
50.569
1164.000
301.693
8276.972
1919.085
147.841
2809.206
49.081
5387.000
2824.056
8178.000
895.257
7388.372
4632.000
4546.399
2911.473
1378.000
2084.924
2390.000
170.044
1359.417
2103.111
168.051
2088.913
135.588
0.454
1425.179
2298.728
2164.000
802.254
7451.000
165.000
3643.014
1489.038
1745.116
550.336
0.076
1326.931
6878.000
8.823
11499.643
6113.949
5024.463
2392.000
4052.626
41.581
843.145
287.014
1464.907
17.276
0.115
5029.903
243.193
284.258
233.891
4531.979
3738.203
3395.056
443.809
2566.609
5825.059
1080.561
2918.000
260.584
3529.765
0.811
2582.144
67.504
1886.358
758.929
2631.000
5505.996
359.800
51.888
12027.174
44.978
1639.000
793.618
3446.183
1039.831
1391.714
4.372
1.288
103.000
12751.283
5415.620
1892.600
0.723
48.311
4362.000
8.017
950.650
461.547
3321.149
7.708
5632.509
1476.813
180.291
4.835
5232.118
20.639
338.476
691.999
79.446
4574.000
168.429
3472.778
7010.053
5372.679
2.614
6.321
4475.972
1586.745
919.611
16.442
840.269
4777.000
466.569
728.817
239.623
32.374
7091.000
31.722
996.702
2039.000
123.814
435.000
2429.587
634.397
1930.118
760.000
504.000
325.568
2389.162
166.481
6053.806
3457.432
6.505
3113.122
9493.000
21.712
61.562
11686.907
348.279
2006.502
281.087
464.927
4071.000
1644.597
19.743
8.817
6949.000
23.450
5187.155
298.576
1061.099
105.996
248.888
2972.492
102.322
7572.865
131.248
1659.568
1130.132
3428.797
0.032
719.857
738.000
0.456
3594.608
0.813
2491.405
247.722
123.126
2421.301
2.578
1993.000
869.630
673.493
16.522
1320.000
3512.000
646.867
157.834
3605.637
166.794
2654.106
3284.835
12757.406
12186.136
545.592
9582.171
71.970
9199.449
4153.612
1742.122
26.617
303.159
13.932
4535.613
899.429
1048.000
8.706
2388.985
438.949
3634.079
107.865
9736.000
266.570
371.000
7.288
3025.715
212.049
1270.000
5704.394
3830.000
2.115
2881.903
85.538
3.217
78.329
3378.550
96.515
34.511
7520.998
3160.551
229.946
33.245
1720.582
1819.000
1317.238
1964.165
476.418
157.000
364.476
0.005
4.063
1728.000
32.518
3155.931
238.552
6645.421
1194.977
5294.276
261.665
2246.880
203.884
1.755
1223.128
2.556
9431.137
6324.000
3545.260
40.807
2549.981
883.537
302.310
250.812
339.664
212.049
1921.918
8545.106
1527.208
141.685
4075.140
281.004
7388.816
1034.328
355.539
1205.309
2.221
92.448
302.819
4688.024
1593.853
12.826
8503.503
6162.000
2134.880
604.809
5433.882
5167.466
2185.396
240.185
2611.000
1080.322
90.090
1152.901
955.456
2050.333
3922.071
968.449
64.795
1616.458
19.951
12491.989
12.904
3352.574
736.642
2603.605
11425.000
9.611
2008.093
22.106
1739.481
860.000
7861.687
283.837
5.643
28.103
667.671
112.594
3021.419
16.312
266.302
51.112
94.416
87.400
0.001
607.243
220.000
1.451
515.911
1251.023
4.071
5809.420
265.956
4299.914
57.735
1990.068
8062.878
1520.177
4.642
6095.480
68.930
277.942
1911.172
154.277
1884.005
3077.732
2577.441
1608.299
1119.578
706.426
3662.000
3695.958
1309.539
2278.000
2092.545
3091.052
12935.835
0.003
11798.078
107.656
10358.723
23.846
67.147
1944.462
299.415
1616.423
291.984
1494.949
0.106
4906.497
6869.225
188.589
2672.000
1641.815
383.856
2.585
843.422
13828.000
9072.000
198.198
2732.988
11791.102
34.738
8213.000
622.443
315.609
25.485
926.497
12.376
865.740
32.990
1770.080
1174.000
293.408
123.555
629.072
282.315
3219.723
2030.000
121.517
1836.998
2606.000
5.128
293.881
2918.796
88.763
8.499
3346.842
645.653
341.958
9.718
47.447
6828.884
80.623
3171.780
1.875
1534.223
6303.893
1231.000
364.663
932.856
2632.000
3339.894
8.686
2587.849
569.506
29.904
9.582
699.908
6082.387
5321.056
2274.000
197.447
3943.871
21.154
16.835
4.200
1575.804
410.213
377.584
1506.000
534.244
3163.509
1403.331
2238.000
391.229
65.326
5585.513
102.731
512.552
1695.087
15.197
1112.000
11.896
3091.000
1413.167
1435.569
60.377
5107.191
463.000
274.175
1079.925
2006.420
738.511
785.734
68.173
417.017
62.294
3463.811
1515.291
154.000
2484.041
4328.292
621.400
561.534
936.205
3284.591
283.219
54.010
132.922
3428.345
179.286
2814.000
249.304
9798.000
2262.000
72.872
1736.643
5177.000
3680.000
709.635
236.305
2039.372
6.120
5012.331
690.733
2539.818
120.406
210.607
671.059
1538.000
15241.249
8849.000
1015.684
3180.149
2116.703
4.167
107.750
926.601
21.542
11239.000
0.121
808.109
518.011
340.028
84.002
6858.373
738.000
267.000
509.328
3799.000
760.279
355.659
754.975
2166.282
1390.830
2290.000
2783.191
206.251
14936.000
2.949
10540.844
4107.489
180.276
78.820
222.660
10477.253
2812.110
69.758
168.319
1793.510
3300.000
61.325
2136.430
597.151
1020.951
3152.995
993.065
4843.000
393.512
51.724
317.745
10.113
5221.038
28.686
680.000
58.361
18.913
1689.867
5701.015
180.353
1543.000
303.655
3369.021
2148.126
40.515
37.549
110.542
9180.694
54.572
13428.000
127.215
2861.290
0.805
68.633
1684.859
76.494
203.117
649.845
73.506
7532.000
1606.012
108.224
6056.996
3.099
2279.173
3043.446
21.219
1001.000
3476.000
587.566
455.493
1848.394
4009.444
44.901
3096.127
160.671
4028.994
2088.810
561.085
425.387
2806.000
1428.360
596.433
210.814
1946.504
415.000
271.536
791.693
6881.156
87.398
5328.000
712.994
2303.733
3915.982
8.026
119.359
106.703
1159.000
47.404
2832.110
228.529
2054.000
15050.352
2505.306
8.163
0.248
2554.342
460.023
12740.703
156.265
0.209
0.350
467.212
3860.351
9.743
9344.000
161.648
5525.622
1357.202
214.279
0.449
84.172
1972.000
1186.671
8587.911
9.996
920.098
560.280
4791.615
2319.793
93.405
819.833
6298.000
14.243
1340.876
460.152
293.000
11034.328
192.545
1292.454
9591.836
422.880
78.097
2445.272
41.485
24.171
234.887
8073.533
15.698
292.327
523.112
689.132
407.737
11081.569
1.368
14087.785
3.413
209.564
6508.792
80.240
3984.865
1306.826
8624.860
8470.834
1378.364
5259.887
23.289
125.199
1824.231
27.369
3400.455
5999.721
31.554
3653.356
685.914
157.362
796.627
9305.742
3583.876
82.651
4548.593
4139.000
1139.264
411.429
1384.191
301.954
1832.500
31.568
4326.000
874.687
5444.000
45.830
1110.736
23.940
805.593
55.244
675.934
75.230
2814.813
1277.107
3034.307
5655.429
24.914
805.000
227.026
71.028
4840.477
698.295
65.044
285.371
2754.922
2719.000
4.471
8330.000
2970.666
112.953
8042.524
4669.000
2258.575
318.388
3.666
147.456
873.501
166.878
2162.638
132.353
18.346
1649.457
12758.281
11669.973
128.064
8667.827
7687.575
265.071
2578.226
2.245
14.299
70.804
217.178
62.862
937.127
869.152
64.264
525.541
60.147
365.015
612.310
6123.010
30.904
613.398
1426.583
450.343
1066.369
1600.705
739.932
5173.698
229.642
6.438
466.167
3145.362
380.397
2.460
584.742
82.000
123.749
11227.999
6693.228
2598.607
2764.421
5358.867
5163.939
569.570
2375.619
121.826
2604.218
120.481
29.652
982.201
3.098
1575.939
7251.027
935.152
6039.324
3857.237
228.411
760.070
25.574
819.724
2433.338
765.835
928.342
171.609
171.763
3669.130
1505.766
732.000
187.528
892.389
205.773
51.714
1176.487
845.000
484.000
718.155
80.000
5243.000
27.180
676.000
405.403
170.507
49.415
2077.055
2130.556
265.829
11964.000
2.917
3709.000
32.852
12347.000
144.886
1224.309
116.530
2079.822
73.866
1720.489
2047.748
3.470
3275.037
503.401
10855.000
10.150
110.112
4681.753
1057.905
1180.452
319.366
7210.632
2733.963
288.086
7469.605
1069.927
924.391
55.417
179.058
3161.444
611.094
2493.243
2644.999
3976.449
4146.033
3733.659
18.667
3643.000
3400.000
4089.000
47.715
1284.058
907.529
7068.918
314.620
214.062
4750.000
53.135
3860.566
8.627
2224.730
710.052
2220.000
66.249
41.386
1615.240
1321.645
4351.917
4703.764
2010.749
65.532
13.032
1944.886
0.335
1639.980
82.801
6.851
1560.020
6246.000
153.919
88.742
1665.682
391.924
2150.054
77.836
0.116
1678.153
1281.000
1982.234
2141.856
76.581
5.488
63.001
0.723
9371.754
63.000
623.351
63.100
55.325
288.125
2329.238
8311.669
83.384
13.341
1359.092
4807.863
18.962
31.360
5745.249
259.704
28.339
828.642
9796.212
6714.034
74.133
3125.626
769.850
39.273
745.996
692.331
72.798
581.143
188.669
4906.640
1168.545
166.185
4167.000
295.947
14.760
2284.000
1149.000
181.865
179.700
330.924
148.223
3753.000
193.417
27.496
0.000
1240.907
1024.457
4958.719
3705.000
2156.000
872.066
391.000
0.005
449.415
12449.591
0.063
23.360
14456.053
1841.117
6345.335
5354.680
140.380
525.757
4182.277
3249.000
1494.000
78.387
9565.134
24.037
7989.702
3959.472
983.718
5461.109
4288.646
2822.206
4787.081
182.381
2608.000
78.608
6085.675
479.103
4480.304
151.996
119.470
1106.265
4160.480
782.883
45.748
6823.767
1870.862
88.104
45.127
730.580
20.246
4577.328
8089.267
2331.067
0.286
2980.096
15266.121
8150.000
2345.860
408.985
56.716
6181.761
2145.000
5130.220
2653.000
120.002
8866.797
12.711
6865.294
4630.107
2563.943
5256.009
1435.692
220.386
1873.102
114.214
65.000
31.563
1945.878
6388.293
921.291
273.589
28.457
2.254
9802.509
67.000
5373.000
770.364
72.977
763.705
2.365
20.990
4844.302
337.948
858.107
91.799
4766.000
2.364
426.401
12533.562
794.945
12248.082
284.896
7536.989
1706.647
33.037
2760.689
105.822
6212.950
317.275
44.194
6.665
914.241
213.874
10510.357
2517.000
2982.757
3442.913
9168.000
563.044
4.216
3140.785
9519.603
890.155
451.637
125.264
4190.496
1259.638
492.774
7339.970
907.362
203.304
11.923
148.782
7368.808
993.340
3067.052
4556.535
1059.316
408.745
0.005
59.605
68.742
476.970
4335.000
3266.475
0.097
4128.519
198.382
11.301
1126.157
662.615
2343.533
369.058
1390.990
4.571
71.519
7001.728
1753.569
159.885
7.539
6761.416
1489.965
4743.025
91.423
256.333
33.683
6865.279
6.393
3573.374
216.795
3347.995
2850.040
151.915
8.770
52.595
2012.000
909.623
2612.000
1432.730
1440.000
2458.715
1499.320
1.670
1175.000
1473.920
1124.263
5141.329
3.674
54.955
1652.000
40.763
231.543
1.141
7605.000
3086.657
332.888
2117.866
350.439
442.000
1.700
0.074
336.636
1095.666
1.269
45.376
3409.305
2991.355
55.248
187.890
639.186
5256.000
4359.830
110.526
128.281
2039.978
217.601
666.252
56.489
1595.000
1167.311
908.841
9.000
12.026
172.564
4879.948
4.703
30.217
23.273
943.283
3986.213
2682.000
1214.737
9230.474
11.905
5602.000
421.701
2.279
6138.253
5876.596
2295.080
16.568
874.149
2983.184
372.991
5559.382
311.520
1.835
497.000
1158.662
183.653
739.116
2864.538
566.346
1845.000
154.639
35.892
4737.083
1694.866
179.453
1118.664
981.800
0.178
1832.122
4505.228
49.032
252.653
46.831
2.760
4544.000
2887.875
1378.875
6.740
44.564
1.663
7864.506
1080.082
258.306
96.762
1881.000
4624.215
1633.000
615.449
273.800
668.344
186.573
642.870
2233.060
1950.493
250.000
11616.220
219.006
3543.756
9528.793
42.851
592.953
36.764
7597.706
3858.000
2068.685
115.838
0.041
10276.495
1.533
944.822
105.643
3713.874
797.283
739.792
1209.000
651.494
143.725
3.119
940.306
6199.000
3629.000
2935.711
906.250
4942.124
623.219
311.874
1340.613
1097.534
29.194
105.176
4.260
602.000
176.761
15136.246
0.162
113.012
5228.458
3807.900
512.749
6001.000
4323.000
1718.000
194.940
33.052
2783.000
2423.431
19.834
993.773
32.966
4.636
85.815
2659.814
2983.475
2001.834
3513.331
416.039
160.960
4093.852
2726.942
4789.000
62.172
1202.197
81.284
5192.675
1902.382
4123.000
151.174
752.017
1637.525
85.313
7005.974
373.306
1849.590
60.836
10838.310
212.941
1129.478
151.096
8.080
10142.667
106.844
333.979
879.962
5385.121
2.809
0.455
2059.174
1131.000
354.667
2912.759
2492.596
1658.147
314.378
731.043
5.399
8915.000
3.705
12150.657
1013.367
94.225
909.058
4815.776
65.119
6310.022
669.656
10500.528
89.874
996.000
1849.475
378.665
3812.274
1959.991
1532.297
4938.000
4606.569
3168.566
172.337
39.297
11043.000
7.355
1168.059
9535.306
3774.813
285.345
151.018
65.038
3870.419
755.942
3316.925
5405.481
1179.402
7019.905
5023.000
37.240
5007.000
753.915
1220.000
11.853
4122.447
227.000
2323.125
2127.190
671.102
144.884
859.262
5507.000
2.654
1718.218
1397.176
434.731
8802.348
16.061
4.015
2683.000
411.414
4354.347
3990.585
40.094
8391.000
1026.953
3493.840
3518.202
988.488
2103.997
1982.801
4.728
821.914
35.260
5150.251
2056.554
154.336
0.001
3153.000
262.962
1300.000
6676.089
531.176
265.912
152.558
12136.347
5128.744
0.011
47.006
2771.225
2039.714
0.783
8646.715
23.320
1309.000
1600.654
892.151
9.997
5785.598
602.477
2166.611
3015.371
3085.355
0.150
4103.510
4871.401
320.631
44.166
134.578
2494.326
2414.326
555.720
1578.214
2008.714
519.977
5697.521
498.026
3738.107
6292.624
250.326
327.614
184.717
1229.911
1362.480
274.450
301.538
9624.153
5127.059
3178.697
3486.596
120.747
0.002
4267.937
31.301
5121.982
37.199
3962.338
3571.791
2876.772
21.404
3031.361
685.275
1033.700
2.553
383.908
3045.196
24.253
13.300
331.066
174.521
1792.096
7744.819
1151.632
55.143
1.824
9.609
21.072
9632.000
5796.000
76.964
61.956
1419.000
30.124
2001.107
412.028
100.218
4022.916
1526.992
1108.454
5257.866
224.311
2295.356
1267.561
154.920
3703.830
182.102
10325.565
1.005
8432.000
1.412
9355.000
1034.561
3.544
1759.308
40.981
235.314
9910.000
111.145
364.662
3652.702
0.023
816.753
0.893
4372.000
910.801
2.120
4178.000
1235.516
115.579
1061.297
2664.210
2822.062
1808.281
2.890
2799.413
9836.117
6867.747
146.521
3657.000
3839.642
520.419
53.438
1.159
1318.199
252.981
5499.594
24.691
4707.210
278.271
3457.927
1389.529
1219.048
3549.924
521.025
543.889
431.000
3725.585
1266.267
3027.584
0.012
394.525
1403.751
41.033
4663.828
20.958
5299.264
3486.730
3.484
5888.203
1594.391
0.143
471.015
1.350
5024.386
4737.821
11.020
7805.711
924.271
4896.000
885.786
116.890
13.449
604.098
3594.574
2495.435
2753.934
147.643
1233.000
20.131
6052.889
481.116
2228.841
106.529
5924.796
4703.595
3682.767
1765.656
584.000
100.860
65.194
4304.368
3117.198
1875.137
213.685
9.363
270.730
534.469
60.872
1418.798
1645.597
1056.420
4932.000
6300.700
2862.587
1951.900
92.538
12386.583
2859.000
22.543
7229.000
624.948
249.029
14.287
4344.677
2238.381
421.458
109.679
9634.363
920.815
2.414
2206.343
2980.797
0.333
2452.312
240.811
3620.535
6380.947
133.222
2300.060
5015.614
16.423
50.561
562.179
3107.000
1021.000
5138.082
1980.525
221.994
4872.000
4024.000
4329.977
3.410
2622.852
1684.478
2481.206
91.355
83.808
1844.292
321.061
46.231
1693.905
3229.445
1015.456
22.630
0.790
1.765
8633.910
2762.198
2382.000
5608.611
0.011
2328.095
81.336
2303.000
696.927
858.486
80.368
2084.664
1308.341
394.262
115.000
5276.878
512.808
5012.518
251.820
2074.930
2407.000
827.724
3145.892
574.523
467.621
76.936
324.000
49.875
172.919
951.692
573.558
5564.693
5660.718
4313.000
38.857
4303.422
1868.295
340.966
12866.118
53.575
7898.888
196.706
2644.609
3416.776
274.809
1326.947
1091.305
727.460
600.275
858.813
2.307
263.978
3.241
0.958
1163.070
26.498
3205.644
268.568
342.398
1175.226
5400.102
121.908
1045.460
2.200
12.612
24.343
2136.762
11357.000
1186.000
467.414
673.670
2849.000
2144.020
563.953
5278.422
735.331
6777.714
2232.626
47.147
2188.000
3151.680
1590.619
2258.000
4.213
9153.201
95.102
11.093
768.032
12352.986
2.957
1291.062
7703.236
6532.026
4468.293
346.000
2116.849
4437.000
3647.000
3711.373
2773.764
2392.753
385.092
2825.004
2529.248
622.040
569.135
5057.947
4360.882
208.000
3913.000
1134.000
812.204
113.812
1536.000
2054.656
2035.389
3815.723
2408.706
3140.000
308.426
1066.442
111.933
345.010
8.431
4139.070
1252.765
584.269
23.947
5018.000
1379.000
29.004
310.475
2249.778
7.540
1758.970
380.704
30.662
80.170
1136.000
6869.403
2563.631
911.926
4.720
1660.170
65.075
13919.136
76.672
1693.472
2.177
3460.621
5.673
611.000
3187.384
6279.000
0.156
14.054
926.817
11201.751
16.599
2112.840
1953.291
140.896
14511.050
244.344
7609.240
217.731
6315.348
337.989
1.138
982.834
4.730
0.133
9002.344
6127.329
2111.000
11.160
1523.000
13.631
25.593
2460.728
272.640
1.003
2923.908
337.667
2104.369
8176.517
3588.138
788.339
375.729
2374.933
13340.556
3071.776
198.671
5.269
2722.000
212.980
158.380
10057.891
3238.000
124.273
4.768
4835.673
6068.212
5.168
264.809
7687.000
620.160
207.744
326.445
166.094
850.000
149.808
500.878
8260.000
4975.898
214.314
291.237
125.873
8337.715
367.408
911.816
8815.082
390.988
90.059
216.195
974.885
4337.000
45.815
1.263
5654.355
25.070
980.425
8.331
465.642
256.607
3903.532
6520.255
250.165
226.765
2608.000
1389.293
4961.407
2908.167
120.620
1787.510
13770.643
5425.316
430.924
10038.660
7025.480
146.933
5333.000
479.000
7.894
52.000
217.607
6486.606
3955.734
117.358
1987.432
1707.000
2226.126
1193.155
5350.083
2486.056
660.066
744.291
1820.603
82.582
12.273
28.246
3792.229
2388.329
1856.000
2366.160
664.105
1062.242
42.347
28.457
553.000
498.000
968.782
254.890
5420.296
154.461
43.040
13.868
224.176
5507.221
862.940
110.757
167.518
1226.063
138.997
2830.000
2680.022
2099.000
1032.995
62.418
13168.096
4363.000
6781.609
1599.238
213.317
422.066
1558.000
14.738
1237.443
3588.859
1754.000
2601.406
464.288
8.148
48.104
27.473
2908.824
26.473
4307.949
560.214
11481.343
2108.000
1956.054
10710.064
13.418
18.954
4094.608
51.790
720.832
8638.864
234.973
5451.613
221.857
1.144
2706.113
792.491
4677.826
1714.000
514.971
190.242
192.070
279.774
44.011
1605.844
8140.154
5627.145
79.655
3743.000
3791.000
258.039
744.938
2237.250
1117.085
4060.000
8.660
62.336
3019.696
2322.934
579.268
194.125
7359.459
1053.912
50.874
12032.935
4192.876
24.805
13.631
4162.825
3159.273
2896.652
67.445
2.524
165.289
7068.565
339.438
121.072
5890.463
248.151
0.005
301.468
5958.136
1670.000
1935.642
1452.000
6.682
1418.199
950.446
287.510
4397.000
4099.220
30.055
2828.238
506.312
6027.402
3503.006
205.766
182.000
573.236
736.292
2454.071
2218.140
421.812
229.051
1904.016
2123.000
1800.600
819.852
7452.595
4297.064
176.346
201.356
2111.093
1153.000
1822.575
5336.000
122.502
2373.111
86.275
2197.109
2410.604
22.118
92.660
2396.357
1154.688
6549.555
682.619
4455.000
61.516
384.825
83.955
376.463
199.745
317.659
8332.722
23.470
11801.301
772.318
7496.872
1991.564
178.061
53.855
3496.029
759.065
35.104
6185.000
1861.899
566.000
159.265
71.177
80.360
0.327
2855.125
754.792
228.463
1850.383
9937.724
1844.000
1167.872
863.122
0.918
2439.276
16.874
2.279
6068.000
659.725
6567.926
6.340
2803.186
47.136
70.802
33.077
1212.368
590.284
5278.980
2.874
1966.328
1186.971
9204.330
4409.842
4152.000
14.343
4140.405
49.782
2212.000
800.000
57.753
710.434
0.960
9.087
7456.000
4303.455
51.222
1245.869
1126.395
5745.309
4451.153
209.650
1483.047
3243.023
185.444
5613.000
1084.428
9.067
0.110
189.694
919.276
13.490
97.650
7476.163
971.131
75.672
82.000
1847.612
59.010
1720.491
7014.000
1583.000
278.100
232.314
159.509
1.104
11.444
840.797
2263.000
11.242
9392.974
101.694
8653.000
3095.551
214.000
4271.000
983.962
54.622
3560.314
749.004
2638.309
0.796
85.842
6877.384
222.108
8949.584
1.251
2068.711
1717.603
139.919
0.018
203.317
10365.264
9.695
74.711
7282.144
24.051
2156.696
70.990
310.156
50.780
10362.736
922.356
219.829
459.545
3683.460
2.611
5886.925
150.255
32.147
557.120
2536.213
1185.258
1056.044
26.289
9.340
8228.853
7574.692
225.866
707.517
382.181
195.531
5158.626
10.660
173.533
1482.021
25.158
2574.236
7217.305
1665.934
13.355
4.680
4854.529
3581.136
225.181
568.319
0.032
5.817
246.186
426.503
1341.922
429.932
2837.000
6894.080
183.481
409.000
144.972
4287.000
199.008
1886.592
51.620
441.460
39.819
3.976
10900.834
3483.242
2461.266
1002.115
225.000
155.425
7907.000
5447.000
11.020
682.782
1030.862
6284.000
1087.588
9.394
51.946
1.332
9636.000
1418.297
7816.111
3448.000
481.022
1609.197
45.638
157.068
2922.747
874.247
482.545
2367.378
2813.898
14.144
516.876
517.000
1067.922
13.598
66.786
3782.328
416.018
223.666
1049.436
18.740
12043.220
4640.000
1.502
9816.489
4584.529
88.676
9.601
9634.364
139.667
4440.162
178.394
873.000
1144.726
4109.770
2899.386
68.184
0.860
1918.000
50.787
7351.711
25.949
5331.000
1743.945
206.773
10.629
7068.838
5076.661
164.556
3062.495
646.417
2828.167
1935.281
1.837
107.772
3057.000
167.164
3413.255
3002.537
4219.000
591.614
2613.273
646.647
0.640
843.076
3977.024
2271.304
1672.432
135.603
4863.000
64.257
371.552
232.761
1081.631
10.334
130.769
1119.128
150.658
15.500
64.507
568.717
1681.000
3262.266
2146.962
117.403
2103.455
9600.423
8114.046
746.181
4.586
110.720
750.928
1014.930
4781.104
2697.886
960.541
1381.621
16.048
265.989
2824.673
2591.355
2662.718
53.521
465.741
7501.966
414.079
386.400
16.752
749.040
151.619
919.559
3264.824
6423.568
8.942
0.041
704.535
1342.383
2.775
17.187
30.776
9194.015
318.788
66.995
7.297
8640.443
77.630
275.012
1834.000
4935.154
3702.286
167.719
2605.751
2171.000
566.992
681.248
550.000
478.342
27.914
1942.132
39.650
9.281
3799.000
598.149
2989.334
2815.000
764.672
2313.235
8457.000
7.185
8372.214
2430.016
7252.927
2607.747
559.855
5.860
266.779
2304.535
1244.000
137.262
2.252
3992.185
517.973
2127.000
372.127
6977.113
2.573
828.185
134.699
240.786
371.707
1083.091
3554.841
1685.787
35.752
39.284
944.796
4163.000
153.840
1715.920
313.572
4172.934
1412.719
1905.034
1921.284
848.106
6596.262
1187.279
2783.781
235.396
40.314
159.276
340.000
952.440
681.080
592.971
12.184
4987.012
942.000
12.533
16.287
99.381
2900.857
634.260
1733.812
3963.679
21.072
4557.004
635.682
2030.001
278.720
6944.684
1107.925
701.000
0.061
1016.570
1727.000
1171.206
4765.660
225.838
2503.000
1850.114
9636.000
6152.169
16.906
8927.408
19.773
492.740
1609.774
2204.000
445.590
3903.455
11.646
345.644
3373.000
745.274
71.894
2456.374
715.987
227.396
1349.277
11389.305
6819.000
5194.000
5217.954
31.301
5.434
417.843
1142.023
2870.000
446.276
8158.528
183.183
660.011
23.194
28.064
137.721
873.470
544.665
24.493
2413.598
1450.000
1408.061
163.230
78.250
825.715
521.912
114.809
77.790
1121.000
3677.000
6674.494
1874.016
5040.110
40.895
18.639
482.253
8126.321
442.600
723.353
1216.385
7038.729
771.290
4209.034
1233.000
1340.688
5.598
496.769
17.256
164.028
1190.219
988.687
3663.151
322.852
0.065
136.965
31.107
993.000
2545.921
1645.852
2147.061
9.754
0.068
1952.000
936.426
6825.609
693.389
990.000
65.883
5584.643
2345.210
732.818
2857.841
4423.894
28.151
974.617
754.457
416.337
11.689
478.704
9502.150
2857.000
385.131
2369.466
105.661
601.389
1079.335
4457.314
2441.695
380.990
218.527
4483.378
3162.569
283.869
2118.636
206.540
883.842
4665.852
1169.039
3793.273
0.523
6253.424
1401.000
4022.635
4843.509
5991.477
3966.572
2229.054
3.017
1779.115
1533.039
175.968
531.442
19.278
4.202
7982.971
2871.131
518.194
21.548
670.967
3.808
12261.158
6610.000
126.621
0.002
126.621
8408.970
386.160
2088.779
1339.983
944.028
4832.250
101.000
1261.516
437.501
2298.216
100.873
576.099
7294.618
153.161
21.173
713.821
8406.030
134.045
404.000
7421.613
20.390
1917.982
51.030
6080.000
865.175
88.366
3272.000
22.351
2281.475
1878.127
17.978
1047.329
5575.315
0.891
45.815
4516.370
146.446
4894.000
190.279
271.938
3673.187
584.911
5089.000
654.475
59.761
220.833
30.898
7898.000
417.000
402.744
19.502
8292.608
0.690
7692.000
252.348
1.906
18.962
678.192
2646.000
0.907
4718.678
500.642
1205.280
15.233
3644.000
6781.241
1646.000
428.165
412.000
6005.307
2957.736
511.695
13.710
4647.000
4248.912
1583.051
134.908
4746.853
990.177
2877.005
3363.000
1228.651
128.992
813.000
3.758
1325.902
10287.000
7406.964
17.888
256.551
1609.730
1216.726
795.000
597.940
6.124
41.008
34.069
587.320
9913.454
24.351
2154.687
3270.253
628.149
880.440
10281.001
33.003
91.235
1875.389
245.282
4136.119
299.926
48.002
1595.813
431.692
6513.000
1568.312
106.523
7197.198
2946.428
7149.000
6148.678
5744.202
199.500
69.755
6073.000
261.835
0.555
165.000
1962.753
4611.394
1493.437
23.545
9.707
5675.000
4.145
916.494
3.291
2148.284
19.372
1179.762
76.051
179.535
3715.089
66.807
4015.391
47.226
7783.290
7173.160
1429.775
1812.763
757.083
50.187
2370.081
141.650
0.543
1716.000
1824.142
7347.002
542.536
4634.166
914.803
515.722
3.147
2104.278
1045.151
46.260
194.220
925.899
4730.728
2860.518
7577.094
1061.849
3713.000
192.077
1172.399
827.166
1948.000
550.973
3440.925
1288.423
3777.504
1720.025
6516.826
1942.020
173.820
5.226
354.316
202.844
1641.600
32.184
7472.868
1332.022
1430.459
619.677
49.143
4735.879
94.759
371.864
1818.123
99.894
1972.191
5659.876
30.703
2047.984
2414.989
75.108
2728.055
615.683
7151.574
4757.539
1022.426
3021.057
114.904
4393.667
42.181
1543.000
28.581
3801.739
1765.953
4841.451
342.474
609.036
271.759
401.185
98.576
527.970
515.136
0.010
29.620
3271.275
67.671
5338.605
97.210
7081.000
3540.000
127.052
2500.747
135.106
56.363
3378.640
1.918
11587.000
6415.715
3658.833
103.023
413.108
3665.632
123.740
1601.073
1.938
535.476
6856.611
1059.940
64.799
9115.993
1805.536
802.000
351.089
2271.508
87.184
49.130
33.928
55.649
270.381
38.117
12083.466
2232.178
529.000
0.203
4810.323
410.081
4093.572
327.948
9254.177
1943.459
7009.943
3188.000
13.011
48.053
2998.176
3672.000
1900.916
181.883
1.342
3084.000
2970.181
1493.963
1396.591
2914.458
0.011
1324.351
5610.000
2485.178
8.636
79.000
1.143
3207.530
9736.878
6638.843
5.935
2199.185
482.279
204.660
2942.000
4723.992
3689.808
2560.967
2564.034
1864.742
44.172
1145.458
2279.416
140.253
635.038
1966.642
424.804
1069.134
2523.785
448.571
838.481
200.910
8739.307
17.853
48.810
13364.607
120.459
2144.287
954.000
175.630
14.789
10796.420
141.959
10188.390
3447.976
1868.181
5667.821
1528.300
5834.000
4708.000
3356.967
1100.996
1009.894
173.388
456.662
11.346
37.055
19.387
9.813
251.709
4011.474
3115.120
444.231
7139.000
6046.351
4916.073
1469.000
477.418
3321.692
881.000
843.629
67.639
5.060
2889.372
3807.917
353.088
1300.492
4857.637
194.095
1415.813
4227.000
2072.070
1638.000
33.268
779.759
612.082
56.223
3496.612
5.845
4633.998
1461.525
2406.429
1095.971
623.421
765.934
2664.116
616.377
667.529
91.224
596.447
551.652
136.093
2379.432
379.970
4527.136
36.321
134.491
9116.563
852.924
800.895
2046.140
212.171
8990.000
4.472
620.321
7.548
15.105
436.085
3330.068
64.931
427.537
328.239
52.111
7410.358
7006.305
390.701
3253.297
3845.000
2318.130
257.430
11.391
1997.000
245.212
512.305
2904.000
2758.000
418.490
2206.910
1254.648
1247.362
1822.000
3280.057
116.250
1218.481
749.369
3.964
492.813
8.595
11666.362
238.626
23.446
294.794
3.572
4463.412
5.765
812.004
1144.448
0.759
12372.794
2295.647
18.312
1968.768
2521.366
5113.000
85.246
10594.179
266.728
106.053
8190.914
6806.154
1757.921
4381.699
2712.477
212.382
60.770
16.648
2596.511
2347.751
3909.322
917.126
17.359
2711.028
1035.906
203.808
115.076
1009.328
1.832
1654.787
250.878
7711.320
512.512
139.319
958.010
567.809
1692.806
2333.608
6351.000
2336.812
210.955
0.102
12326.250
51.404
3.105
5147.008
15.000
66.205
3771.684
950.070
4346.000
3788.000
2728.676
868.575
119.282
591.258
3891.000
2876.477
927.068
3642.710
397.586
4885.360
264.000
2180.739
1324.459
496.596
8.962
665.853
7.949
6842.271
1094.000
3334.000
5.221
1836.675
155.352
2388.360
130.516
1787.273
6665.000
4085.933
5262.389
917.228
277.101
97.196
1202.148
3222.000
405.648
0.044
6364.008
776.858
74.000
4067.431
628.603
1115.422
6490.000
6290.000
14.308
75.285
547.339
133.011
4610.005
5.310
9757.154
0.018
4414.903
3377.466
212.160
905.191
0.007
97.042
6057.758
1007.494
4000.037
4058.173
1626.289
5.845
218.058
3694.075
315.164
5087.000
302.904
3598.664
0.080
1568.082
4.482
521.174
345.000
786.386
64.950
15203.024
9171.127
1.120
1849.751
6880.998
1469.612
5970.000
4388.974
658.000
411.000
442.585
3809.529
1020.804
87.872
44.390
7023.000
824.051
99.756
12780.987
71.075
8.501
613.000
120.589
40.172
3790.251
4886.249
747.238
633.459
15156.012
3718.330
8257.117
247.480
66.588
513.434
84.670
0.857
7205.916
1396.295
1925.071
372.641
5302.927
1185.677
3152.961
1033.000
90.302
307.981
2244.910
65.651
7142.619
5233.514
3414.867
1293.166
3324.000
825.083
2168.966
409.388
145.233
3149.552
1.406
12307.149
899.390
5568.598
354.754
5609.030
6582.930
396.210
2296.325
2493.745
1377.632
34.308
373.153
2887.000
2404.000
74.961
5251.055
1606.557
4497.000
543.244
148.612
2946.000
1585.907
178.722
38.392
582.290
1053.924
11764.957
3326.088
4018.636
709.453
2521.417
16.983
753.000
964.743
111.143
10.412
6759.209
3205.164
709.030
590.898
142.874
11.953
11219.515
400.777
400.801
149.789
1146.000
1147.017
0.441
718.537
2634.000
107.450
2344.101
40.672
77.718
100.654
0.264
4675.932
19.829
132.796
597.867
2885.185
22.381
143.621
14.197
6825.076
4139.035
2.618
3323.988
563.417
3738.168
14.989
20.232
64.868
8.409
10672.000
4073.673
133.475
393.019
35.096
1216.418
64.682
9740.276
44.925
888.314
2370.367
5255.461
0.078
1345.383
975.000
16.569
982.000
2472.229
8644.000
3667.576
170.521
0.207
9027.740
75.850
0.112
483.137
300.455
67.908
2502.447
104.551
720.217
10119.802
1405.582
9.491
466.782
219.515
9505.931
3704.875
4307.844
559.144
2042.814
586.000
1188.379
2581.000
461.593
540.212
312.630
181.495
788.916
24.230
2225.708
30.599
10469.000
541.519
262.898
1961.000
106.417
23.085
10879.595
730.169
7510.000
690.983
4.458
424.483
6187.162
1154.367
133.107
5710.000
277.157
3542.470
3620.960
3065.180
2776.935
0.404
4494.759
217.670
853.139
1107.000
3242.430
51.465
135.772
2735.135
2.995
16.694
68.983
5153.746
571.029
326.909
1563.000
5667.454
2998.000
2509.689
629.616
4291.114
144.621
63.725
13302.417
2963.810
8.910
3182.066
62.320
56.089
11123.259
165.916
5743.645
2916.015
440.000
129.368
4060.008
2313.804
215.676
233.179
2988.000
2580.913
8078.000
1900.798
130.474
6.658
1493.607
20.324
956.019
18.226
9367.843
30.554
10556.682
1908.000
255.399
1599.355
1645.000
102.456
2364.854
289.438
0.673
7699.000
772.978
30.427
831.000
2087.000
6324.240
2574.416
1212.635
126.018
1538.932
415.021
2627.499
531.731
3852.000
2757.732
127.848
0.171
10476.000
6463.960
22.085
256.426
9290.578
4663.082
206.023
5117.123
3252.000
267.514
61.943
1898.663
139.419
4757.575
2363.243
49.771
106.000
8120.765
89.329
9130.000
11.216
71.582
1875.263
25.214
365.601
585.348
0.483
1573.958
42.113
2264.000
1158.472
1833.713
691.000
55.180
6827.000
3270.888
1471.545
965.559
5149.085
1446.892
388.157
1082.000
2053.226
285.627
451.000
1726.914
1157.990
3596.567
554.346
1403.217
1.711
31.203
831.854
33.727
232.154
4413.000
696.751
68.320
2.974
2504.284
5516.981
1056.265
1036.686
107.684
2168.307
179.511
14597.000
5688.680
861.676
1431.847
373.683
3123.825
543.283
55.324
16.854
5222.331
4694.715
20.801
42.560
662.000
1682.511
1534.129
0.525
10936.715
1556.958
1095.493
2.146
8687.410
17.749
2221.506
7214.000
1039.180
6661.024
818.527
5735.569
1675.509
5551.483
0.761
1507.660
480.912
5853.085
5697.587
849.096
29.401
2696.000
526.585
3445.250
231.208
3540.107
3159.701
195.524
2267.652
5040.701
1565.000
41.071
2446.070
300.958
2073.327
1972.000
60.784
2173.951
375.107
58.000
97.994
4301.553
15.000
558.991
14081.631
463.403
0.019
273.088
1102.960
11740.697
4744.000
4062.416
73.518
3275.860
2.413
906.719
185.558
43.421
4392.138
3654.722
280.502
1.634
1511.423
1048.734
554.388
9.687
296.562
2572.000
1087.661
4490.544
449.395
1996.897
337.544
238.111
9339.506
5162.921
1914.563
9.893
683.192
24.057
2416.322
2035.038
72.483
177.075
2635.206
54.078
2572.176
13.961
905.451
300.225
1558.759
6137.000
1421.405
132.721
3.642
1939.453
3249.684
943.836
5030.691
4738.674
2251.000
569.000
3390.229
1369.530
608.763
3875.539
3223.559
174.469
2248.439
275.044
586.454
44.032
19.611
26.685
13051.000
91.035
3849.494
521.598
11779.927
741.514
2546.495
120.298
2414.480
10152.718
1627.166
2405.693
80.659
405.092
720.000
23.312
9164.572
226.577
64.618
8296.994
4551.169
5.382
2.379
68.612
0.041
765.110
8437.452
953.000
965.038
3026.494
0.359
0.011
549.212
5600.923
797.223
5928.443
817.517
4243.991
1.682
5315.221
2632.470
201.696
92.758
190.556
4129.719
0.211
6991.881
2004.295
41.002
645.379
223.131
1.862
2690.026
333.467
133.406
212.798
2367.000
3687.756
3479.277
1587.000
879.709
1289.000
371.889
8895.451
453.950
50.615
4689.000
1849.653
4.794
2203.185
3702.247
538.917
40.609
9.656
1900.000
645.556
12788.335
9693.000
2540.638
161.976
38.315
236.323
798.229
611.000
3613.000
1287.686
8911.739
1252.000
1561.026
46.755
7414.099
3498.557
33.922
1498.217
4197.000
560.676
143.663
2486.569
15.487
1655.920
3083.085
945.108
88.066
5220.792
3861.000
1260.197
14.543
2710.720
2479.436
8812.293
6800.820
181.006
96.675
4939.000
470.630
39.101
4553.399
14.903
1041.790
226.566
130.037
33.759
1568.731
2686.000
141.387
3520.211
436.440
6605.196
5676.006
861.650
3352.958
333.575
5509.238
1842.056
3302.625
2990.000
764.519
2229.463
1023.075
151.627
4331.000
251.389
2635.514
9658.000
63.339
3.173
499.000
58.000
9316.890
2619.286
1704.000
1563.000
14.369
2951.636
738.176
2441.601
540.711
4666.610
132.724
2149.288
1909.000
142.441
552.584
15.458
5140.484
23.559
3353.000
50.000
1360.000
3496.015
65.888
4364.000
361.805
155.902
1271.231
959.000
8251.447
119.621
2106.870
6439.965
2024.190
1882.385
616.941
1554.004
0.347
1676.186
2.922
987.031
8700.652
889.636
33.254
120.194
2517.433
289.367
2002.000
2.378
771.912
30.326
246.351
11.416
0.006
11380.993
102.091
5103.000
3247.705
220.376
442.977
892.826
0.480
3232.566
0.710
404.285
3354.000
325.900
3423.272
1598.000
13128.849
12004.000
966.698
0.527
6274.272
309.715
40.646
645.197
34.019
603.563
5167.394
39.888
4217.000
104.261
1141.750
360.240
86.756
2229.682
9645.815
2950.733
1159.254
918.184
0.004
3672.712
3202.393
2279.796
270.987
1952.850
2868.780
100.146
38.034
335.710
1071.909
6764.178
1631.905
526.000
3641.000
1563.133
294.523
472.560
6899.673
1446.799
1005.306
2051.579
1746.678
140.465
2719.289
433.000
1072.615
568.879
51.820
2399.561
1988.000
545.091
2514.627
236.382
3543.062
2388.601
5.848
7548.568
951.000
4.633
1867.730
265.898
1135.000
289.477
1429.259
577.656
4980.270
16.257
623.816
4.679
1655.000
936.000
283.520
1243.378
21.356
8589.959
1352.891
2955.954
1308.028
4737.860
2015.277
1664.704
1560.964
2790.562
6223.855
222.988
0.523
498.345
786.000
108.858
16.985
5978.925
310.252
3531.164
1259.608
18.720
237.225
836.451
2965.934
208.032
607.216
115.950
2940.721
2207.930
2910.000
3452.108
168.477
4104.083
2093.223
1258.556
0.013
8443.669
7111.000
2081.199
74.664
1396.000
2953.105
58.320
1599.757
5946.432
384.711
1282.000
1201.998
305.521
809.000
5560.000
1032.217
190.025
3797.600
624.973
430.494
207.167
193.426
407.092
1139.777
24.741
962.243
578.353
8347.000
5671.000
5104.881
0.020
163.289
917.468
1.045
1310.201
6928.960
2.869
3475.000
3472.001
3278.000
393.684
3436.093
185.560
530.792
249.945
3265.865
17.932
25.133
827.571
222.626
1684.099
2231.305
686.190
1089.054
1460.094
3429.000
1965.100
805.000
579.000
2721.521
1101.624
1753.446
1432.736
130.937
1612.890
108.986
4791.577
11.624
1302.362
2773.345
595.029
1874.569
993.331
5014.480
475.103
751.000
476.643
7078.842
837.254
6158.967
1458.000
13.142
3009.811
170.804
1276.125
6110.130
0.008
1445.000
1958.171
137.127
2924.441
3228.249
5587.921
302.671
3.702
475.049
61.510
2816.580
528.403
1910.764
808.603
440.033
648.894
1154.412
153.558
29.396
7056.549
5102.273
5364.000
4660.377
148.177
2456.469
665.411
2324.515
2001.557
86.401
3804.252
3958.276
363.893
3275.652
1501.169
1.141
2309.454
1264.688
625.617
118.520
1021.360
102.646
7937.908
4312.011
2502.597
0.002
107.393
12.421
7665.471
1150.732
1174.096
35.752
2098.255
1764.217
4955.825
3164.913
5102.429
4409.000
1660.793
213.404
312.702
112.740
585.315
242.177
64.764
2005.076
746.000
1704.151
615.908
7601.000
177.640
7498.349
3940.155
16.524
4514.986
2466.357
2340.000
1906.614
3682.814
520.988
126.352
2700.955
5322.000
1524.071
533.640
0.133
3976.524
925.122
413.429
18.720
1471.256
336.044
142.072
3370.815
164.435
3400.321
145.702
4132.277
5248.354
425.303
0.222
44.984
172.637
1851.000
492.204
1703.000
16.117
7357.798
1631.298
3285.218
1622.833
17.288
11.868
196.200
1895.978
2344.099
179.409
256.056
2334.348
1867.650
9678.073
20.006
9674.000
128.823
9270.045
19.211
1098.428
3544.919
3912.128
3.351
1650.459
164.933
7810.434
31.881
24.957
2858.436
780.000
144.738
403.158
626.000
88.628
3556.546
467.898
451.801
1126.334
3509.467
62.543
42.996
43.498
6493.423
83.309
118.140
7020.000
149.315
6702.643
371.743
4275.121
91.957
195.837
341.000
934.488
442.434
2904.848
21.487
4097.315
857.116
5198.093
2561.555
8.204
3.584
3393.904
131.478
377.892
1150.550
6606.703
1263.000
3330.642
1637.000
644.502
496.182
3823.000
2185.659
1835.155
2053.141
601.728
648.569
963.000
1286.152
2905.169
348.357
2654.486
2732.680
270.000
90.443
793.020
9.139
172.895
1243.936
1.247
7630.654
57.486
2124.000
3513.000
829.933
1931.554
86.068
1935.177
1963.929
255.777
1868.000
1655.812
10.231
175.747
11913.653
3462.828
443.835
13.363
261.632
9557.962
1804.072
7.599
5138.000
24.115
153.181
589.404
801.327
4241.353
3554.925
0.198
2731.160
212.454
1012.267
1802.335
1130.620
404.177
101.456
0.050
2441.000
1825.613
351.444
9024.556
5799.508
559.498
90.874
6807.991
2792.889
520.536
388.903
5355.214
243.293
10269.371
4.628
40.010
7392.504
1807.599
1316.000
6518.011
2410.142
3358.319
2174.200
1772.504
4476.993
1218.335
5426.925
337.645
20.158
2244.059
34.616
1998.845
2238.195
0.543
3725.102
191.679
0.293
714.118
1375.988
4070.556
673.690
458.045
716.523
305.072
1944.000
1259.903
472.591
283.715
2900.000
130.733
7701.052
3218.000
1.523
752.000
123.061
174.657
724.534
309.443
127.000
9717.158
991.526
6438.000
326.351
3816.000
0.026
5618.850
1709.507
4618.934
71.705
102.414
411.931
91.974
64.921
4774.144
754.963
3775.393
928.000
2595.314
147.796
186.722
9279.000
8969.623
586.440
386.359
1699.639
475.177
227.791
1233.675
4312.576
2824.097
7.566
6880.000
999.711
49.600
78.478
2285.297
321.755
1698.333
208.104
1079.358
0.000
4105.036
0.111
3138.000
1183.753
90.920
1166.667
4640.000
2721.414
1622.025
4575.228
4.918
3453.517
159.421
2377.603
26.498
396.755
5222.862
7.659
4645.068
1605.789
464.925
7.305
9570.506
4894.953
221.964
102.119
1210.142
88.876
6436.002
589.606
156.227
5139.798
39.925
153.074
614.686
0.224
132.625
1506.501
3281.745
697.085
2324.721
709.569
471.642
139.847
3909.000
2.188
8052.460
231.047
1903.422
91.912
5141.552
110.140
3827.748
536.911
