2716.000
2536.000
3914.161
2459.150
11735.468
4012.955
614.627
258.372
3028.241
1157.852
129.967
719.352
8.835
14101.057
8791.253
1.954
762.252
10555.000
36.067
1635.625
1048.000
875.729
143.504
40.961
11762.852
5420.473
1405.339
277.436
11414.762
1.413
91.951
550.827
9644.753
888.896
1985.925
123.299
160.491
97.323
488.550
0.393
91.503
2814.445
771.449
2664.604
1444.659
431.757
2022.646
569.434
1.328
1313.692
7980.779
6027.000
60.932
999.273
5746.304
795.848
565.280
140.125
133.472
1086.220
3875.145
9725.397
668.000
76.402
5.836
8418.000
43.339
302.553
4247.000
1344.000
1253.000
1050.883
707.310
3404.522
3402.000
2285.458
2552.941
2459.922
192.422
39.581
2666.170
27.042
7.840
0.731
1932.736
156.282
859.323
6889.000
3993.000
73.484
679.093
57.439
12859.544
537.267
7965.651
3852.993
6117.588
277.215
289.473
338.062
7375.696
725.517
346.538
7113.012
2233.680
2720.535
1067.837
3691.000
5365.027
646.230
5.206
2730.602
1927.192
2760.648
319.868
3920.091
1918.811
28.133
38.234
248.872
77.375
268.163
710.407
8962.290
111.793
9457.000
6.373
6792.876
84.702
0.047
3627.039
597.316
12793.541
1609.320
4309.835
260.706
1074.543
8135.848
137.953
135.575
2334.050
55.482
2211.000
2729.674
1162.682
9572.598
0.505
7.058
2068.289
170.287
46.516
489.505
27.253
3571.927
2020.557
71.662
5631.447
323.378
212.271
0.743
39.126
21.885
2598.395
565.006
10388.188
555.632
8853.141
195.621
8100.570
50.643
1507.000
13.895
2564.679
7560.716
75.493
609.963
93.436
280.000
6512.000
539.150
1173.741
34.079
945.154
3000.000
430.302
791.000
316.620
1364.385
1952.030
534.343
161.985
1073.579
40.056
16.397
623.259
896.665
32.049
2913.550
1127.250
1280.000
479.781
2508.226
30.864
2974.000
807.032
7753.791
2359.000
299.541
124.748
194.800
2427.533
276.989
138.903
5611.127
211.546
1882.000
362.966
1797.674
294.029
2997.421
1156.000
10654.490
470.210
108.144
5982.362
504.344
2976.818
83.672
97.720
8406.022
2184.000
817.260
151.903
29.208
1.190
104.098
6546.873
82.179
2376.780
1917.815
1483.891
0.297
3877.000
18.671
319.823
2559.435
12079.653
4953.616
16.876
4505.107
36.115
2404.152
107.636
9758.107
2322.000
94.729
206.826
594.961
32.080
4.803
226.141
252.590
7132.255
532.321
1724.918
382.515
3490.916
85.082
9582.074
8397.024
6185.000
3814.924
241.326
1840.102
204.682
2952.882
1503.429
584.271
3499.297
729.205
866.819
45.253
1103.337
4565.985
352.559
122.179
479.499
792.394
1.118
262.511
2063.370
28.746
1390.424
8363.226
2465.094
507.412
157.721
8.443
44.268
68.492
1609.186
11569.540
1.646
5.964
8938.729
15.900
30.518
23.325
2227.920
1080.000
2775.092
7073.399
634.496
6467.000
3245.071
381.044
7708.747
2025.537
707.581
665.213
996.000
195.142
470.222
2392.000
2877.405
161.911
0.817
11730.907
2891.420
5386.579
978.776
1521.921
6971.745
2374.254
32.452
4042.057
645.000
76.409
39.287
3159.258
30.128
18.711
4679.372
1431.887
165.000
633.609
126.359
276.347
7109.643
945.344
671.514
228.651
1.114
789.373
2924.704
1299.868
248.803
3263.665
231.890
6.532
99.127
985.136
2822.353
3215.000
760.839
6521.692
1825.063
45.698
1138.457
2321.913
6077.000
888.608
609.404
2920.857
424.874
0.268
185.458
796.213
318.000
1430.412
41.235
3832.357
166.127
3453.546
3430.493
124.417
5124.834
133.777
857.241
1313.251
8763.982
20.756
6902.945
1060.403
2583.680
1289.716
325.120
6817.126
3548.000
359.256
810.437
45.001
4290.000
391.364
39.301
7933.283
5035.585
2995.000
2038.678
4684.749
35.743
239.183
1929.549
1416.944
59.080
84.179
845.799
3142.000
1063.759
8692.832
4426.315
98.216
394.141
181.620
933.735
76.630
363.176
70.489
1164.935
2919.000
634.108
31.869
685.252
1389.220
69.505
7481.244
402.376
0.453
944.011
67.761
8717.189
19.852
123.719
1050.763
44.026
76.572
5805.656
5221.811
6.383
5.705
1270.545
190.012
3166.000
667.297
387.538
314.084
7972.000
2985.419
1090.708
56.363
7843.000
4527.000
926.396
196.355
732.099
5916.575
17.166
1427.141
9430.997
7988.805
704.160
33.729
4347.877
1858.334
1.968
2182.555
1423.289
142.801
523.000
1256.945
147.266
4691.880
4132.845
2500.000
2218.410
3857.652
509.170
107.737
104.344
1178.619
59.326
6837.124
1600.023
893.404
25.861
54.891
9.961
52.694
9868.581
615.964
139.425
403.707
3475.535
3048.000
60.612
39.612
414.116
3418.063
2578.066
5789.580
2059.132
19.426
10267.391
5208.721
4410.459
309.846
1597.387
1399.058
577.718
8472.000
3863.971
3463.008
861.497
2372.108
330.928
2336.981
1428.013
3.573
465.744
194.457
357.732
3593.859
1418.000
1200.361
4683.291
1537.752
8859.496
1558.628
94.360
107.588
18.727
4199.000
551.313
2582.484
552.384
23.816
4801.068
1746.865
48.134
12.421
425.000
2.013
2094.824
12318.171
7693.531
6166.810
2409.470
20.229
229.057
3952.634
214.000
806.856
5031.927
1458.693
11.416
3415.660
136.821
8184.000
10.213
708.818
14958.599
2452.181
1757.000
10325.511
0.572
14709.447
1841.811
516.665
0.257
9769.085
962.255
601.218
1352.555
52.844
503.127
4675.701
1095.000
2872.772
1460.825
3899.000
297.795
48.866
511.330
429.258
379.288
1065.307
273.050
16366.035
1156.205
8482.000
714.466
5649.000
14.166
323.371
4982.325
1105.119
15.792
20.042
41.735
2560.890
2601.268
3038.718
16.841
7.897
8699.000
798.939
20.000
176.378
4291.886
306.586
3736.000
7.919
10269.175
6138.000
41.466
125.004
5361.000
763.389
1803.932
3064.000
1512.862
878.362
3744.615
3176.722
19.588
100.421
46.161
2490.000
1246.303
9075.000
18.523
3097.000
55.343
1184.776
1111.507
3216.788
1121.000
2805.800
37.131
1497.125
10043.084
2000.661
1766.616
1.359
9121.107
24.789
104.714
5254.000
483.239
7788.080
1828.346
2.870
2.486
1438.941
2280.277
9406.342
3178.603
7803.000
412.793
147.151
47.439
471.068
5.963
903.622
5941.193
100.369
310.186
523.986
1803.583
282.705
6711.000
905.423
5738.364
715.960
7122.245
605.261
8347.270
1791.447
21.639
2593.000
1227.132
435.669
6517.745
511.000
0.933
10.774
604.062
184.055
2164.390
228.336
5426.161
2071.309
18.736
438.772
3122.181
1627.000
1696.732
89.122
0.738
3120.819
1672.298
1210.866
845.763
3358.611
2879.000
2689.514
974.585
1558.462
2691.380
31.789
108.346
2459.946
1639.903
500.520
469.961
417.000
1458.811
28.391
1332.567
284.117
348.465
6831.593
1479.775
0.410
2107.232
1055.281
4316.965
790.661
3964.537
1664.819
3250.000
454.505
1255.197
8836.000
2.361
254.902
1544.916
229.540
9529.652
1740.384
57.852
2877.433
1377.163
102.278
6604.832
1998.888
4826.300
340.269
1268.923
2914.557
1767.209
1464.795
838.113
1283.083
3569.040
63.965
28.393
7343.000
0.762
176.529
9023.213
969.695
3706.339
3669.000
593.377
47.708
550.817
1386.808
81.912
8552.734
205.581
1631.000
287.833
0.653
2181.310
89.863
305.110
4467.075
5480.702
302.502
7394.273
311.241
1028.548
2501.737
35.616
1081.701
63.885
2724.077
1463.986
58.004
2485.394
885.715
747.173
8.490
3208.442
3186.595
982.043
672.841
101.874
1890.000
178.604
4837.943
229.626
106.663
1239.339
96.606
1.670
1105.791
253.629
3004.908
19.585
669.222
61.202
560.225
65.167
14.951
1739.745
0.078
128.949
27.872
158.088
4912.498
27.567
348.001
2450.368
3640.600
946.226
7005.768
701.261
595.365
4270.405
1760.621
1456.545
3413.000
2336.846
571.360
227.364
4305.211
7501.720
12.181
3441.000
2819.000
829.858
40.000
194.031
2791.809
855.010
908.747
3156.547
4311.269
39.000
856.502
4727.450
1941.400
219.419
5617.000
613.235
2728.158
9.384
208.783
144.180
6307.306
673.460
1601.000
363.152
1653.073
2937.660
4586.000
2204.065
791.138
365.000
2836.455
2425.608
53.611
629.603
463.149
2028.000
6085.000
619.056
15233.275
0.630
464.832
17.164
157.401
382.194
895.833
297.485
3612.000
27.552
10097.193
8.215
386.000
0.000
1746.604
128.645
4581.864
1372.271
3105.283
40.238
693.931
354.887
5806.736
1512.949
426.826
11108.663
327.199
21.350
85.927
7.001
556.723
13941.130
1131.387
11824.000
83.983
5815.060
4332.781
1111.487
3.767
599.535
67.074
4625.000
631.000
215.352
2216.130
100.715
3826.000
5217.727
5922.594
5638.000
488.460
1534.000
3275.308
2279.572
3688.018
18.755
564.207
3182.598
106.796
993.862
27.251
7.166
783.029
78.764
1298.067
6.370
11576.652
10574.000
2934.601
14.204
456.557
7.697
236.170
668.000
0.068
7.276
289.797
5268.832
271.486
6781.485
34.330
19.808
8404.000
92.461
6687.888
242.118
4557.708
3168.000
2015.697
2684.000
1508.408
1827.996
231.839
480.018
386.414
208.000
9372.004
1302.000
2507.872
183.529
4.750
3469.141
1447.644
155.705
2618.000
5029.034
109.035
9.277
871.904
583.874
227.755
