27354.000
1327.289
372.015
1471.083
128.455
81.380
1492.729
421.614
2.349
666.709
1086.653
1364.777
51.552
332.098
2300.669
63.361
21.563
572.126
1244.000
49.702
40.536
90.456
104.722
1395.775
751.854
2415.758
19.269
1550.272
1280.135
29.809
0.000
62.689
9.342
946.211
1202.392
504.047
1005.413
342.871
79.968
648.877
28.715
6.221
1235.108
191.235
515.053
255.952
1.605
58.778
908.103
800.702
11.200
730.293
872.000
932.313
447.448
735.531
8.724
6.650
110.237
1807.230
255.469
1570.574
514.779
524.703
1874.677
36.631
1871.014
1266.725
912.847
275.664
1713.377
116.000
1323.000
0.000
239.398
70.379
1284.248
54.502
182.124
17.304
977.715
1794.657
630.374
16.805
879.364
376.812
204.735
553.480
1171.149
656.730
32.097
949.000
177.000
1099.045
0.099
331.437
434.498
1269.557
292.167
1841.058
