78
1
37
1
1
217
153
33
585
1
516
355
104
418
75
396
1
1
627
21
41
3
1
195
1
302
1
28
1
1
3
1
147
245
1
49
1
38
175
1
161
346
1
1
1
146
1
488
1
49
1
532
657
1
187
441
211
1
594
241
465
19
1
469
783
677
1
1
1
52
1
55
363
1
166
535
1
25
1
20
37
1
1
11
1
233
549
363
1
207
37
1
7
1
92
3
13
13
485
1
146
39
279
1
21
261
291
1
1
223
39
117
12
1
15
1
1
475
62
827
205
191
145
1
589
122
1
1
1
1
33
31
1
93
528
117
655
78
1
33
67
1
1
373
1
1
51
548
1
1
1
62
1
1
81
1
53
1
1
1
1
40
1
14
469
58
23
114
1
1
41
13
7
1
672
631
20
435
1
42
1
2
627
118
17
1
17
1
1
107
20
191
283
1
100
710
285
1
1
1
1
17
206
6
88
1
1
1
196
1
178
1
178
105
1
159
81
71
34
682
338
37
24
476
1
190
1
105
1
523
422
286
1
1
1
1
1
241
53
1
1
1
169
1
1
13
1
423
42
1
237
1
131
143
485
433
236
385
96
1
178
208
571
1
1
405
1
285
1
41
20
13
111
149
392
1
1
198
184
67
1
218
75
1
1
65
1
1
1
1
133
1
5
717
1
1
1
1
71
1
433
289
149
54
113
313
1
67
12
1
1
625
647
1
423
1
257
58
1
1
115
85
85
220
21
1
1
21
211
862
372
1
1
551
1
248
13
1
293
34
17
1
470
1
133
37
1
5
1
219
13
33
136
1
1
641
237
1
174
1
39
21
311
1
91
8
1
573
469
103
1
6
1
191
388
15
736
1
286
37
18
154
371
211
1
3
199
153
205
1
103
41
39
1
95
229
337
37
1
9
465
1
22
31
39
1
616
1
377
24
1
37
1
1
1
22
232
1
102
1
1
154
513
1
1
206
11
58
198
139
189
13
371
1
266
468
199
386
1
1
163
1
242
1
21
38
53
172
21
1
159
347
1
1
1
1
4
1
1
1
213
1
261
1
332
583
1
1
61
683
769
1
1
141
548
213
1
1
329
58
1
39
1
139
1
71
1
1
1
1
22
369
1
39
195
21
83
1
235
1
329
1
1
273
891
411
531
49
298
11
36
71
86
1
379
407
12
3
1
1
4
1
73
97
1
262
656
889
620
558
205
1
353
225
1
6
1
1
1
49
1
8
33
24
1
1
18
1
13
1
1
1
436
1
1
156
13
264
1
412
1
154
1
3
23
400
3
553
75
1
1
16
17
123
115
295
1
73
1
79
121
1
66
41
6
94
1
1
465
155
82
719
1
1
1
116
14
47
111
343
1
1
613
254
558
1
1
98
31
1
34
1
29
579
61
1
41
625
150
1
1
20
155
86
41
1
285
785
39
144
1
399
1
39
559
1
325
575
1
688
1
115
1
1
59
1
51
393
1
222
37
397
551
1
503
362
1
314
425
31
214
1
297
1
480
55
1
883
6
1
81
1
1
3
343
61
1
1
1
58
235
324
1
228
301
1
3
1
1
425
1
1
421
2
20
68
1
489
111
384
1
434
144
1
1
21
1
792
1
1
21
127
1
1
39
98
1
1
1
719
1
363
1
140
284
7
171
6
520
1
1
1
1
290
414
192
1
695
39
1
1
1
1
1
1
104
338
265
49
1
1
20
63
463
148
85
329
7
927
20
177
318
1
1
65
137
148
108
1
1
1
34
138
61
25
1
438
661
1
1
46
1
641
1
48
1
1
4
1
1
26
112
517
1
272
61
1
91
1
1
567
1
333
1
180
1
1
128
1
570
1
1
1
327
47
1
183
561
220
374
1
47
7
231
1
21
2
1
1
235
28
43
307
1
290
53
37
686
1
58
1
1
53
81
1
171
90
6
964
535
247
1
1
345
208
11
23
1
1
1
1
3
883
1
147
76
646
58
31
1
1
1
1
383
1
64
1
1
1
267
87
185
1
467
619
1
1
41
1
729
136
1
211
49
713
511
206
1
1
1
48
321
78
469
1
63
154
46
1
1
1
17
1
754
31
746
1
171
365
1
1
154
1
221
389
1
54
305
535
1
1
1
1
302
17
152
460
1
1
21
108
1
305
162
1
39
437
141
1
1
158
279
763
1
96
1
1
317
1
352
1
261
240
322
173
1
1
37
1
58
1
131
1
20
364
96
117
184
1
1
1
1
669
11
1
1
58
51
339
363
91
1
27
369
1
1
242
1
1
483
